{"/home/travis/build/npmtest/node-npmtest-browser-sync/test.js":{"path":"/home/travis/build/npmtest/node-npmtest-browser-sync/test.js","s":{"1":2,"2":2,"3":2,"4":2,"5":2,"6":2,"7":2,"8":1,"9":2,"10":2,"11":1,"12":1,"13":1,"14":1,"15":2,"16":2,"17":2,"18":2,"19":1,"20":1,"21":2,"22":2,"23":2,"24":1,"25":1,"26":1,"27":1,"28":1,"29":1,"30":1,"31":1,"32":1,"33":1,"34":1,"35":1,"36":1,"37":2,"38":2,"39":1,"40":2,"41":2,"42":1,"43":2,"44":2,"45":1,"46":2,"47":2,"48":1,"49":1,"50":1,"51":1,"52":1},"b":{"1":[2,1,1,1],"2":[1,1,1,1],"3":[1,1],"4":[1,1],"5":[1,1],"6":[1,1],"7":[1,1],"8":[1,1],"9":[1,1,1],"10":[1,1],"11":[1,1],"12":[1,1],"13":[1,1],"14":[1,1],"15":[1,1],"16":[1,1]},"f":{"1":2,"2":2,"3":2,"4":2,"5":2,"6":1,"7":1,"8":2,"9":2,"10":2,"11":2,"12":1},"fnMap":{"1":{"name":"(anonymous_1)","line":12,"loc":{"start":{"line":12,"column":1},"end":{"line":12,"column":13}}},"2":{"name":"(anonymous_2)","line":19,"loc":{"start":{"line":19,"column":5},"end":{"line":19,"column":17}}},"3":{"name":"(anonymous_3)","line":23,"loc":{"start":{"line":23,"column":24},"end":{"line":23,"column":36}}},"4":{"name":"(anonymous_4)","line":61,"loc":{"start":{"line":61,"column":5},"end":{"line":61,"column":17}}},"5":{"name":"(anonymous_5)","line":82,"loc":{"start":{"line":82,"column":5},"end":{"line":82,"column":17}}},"6":{"name":"(anonymous_6)","line":102,"loc":{"start":{"line":102,"column":83},"end":{"line":105,"column":10}},"skip":true},"7":{"name":"(anonymous_7)","line":113,"loc":{"start":{"line":113,"column":77},"end":{"line":116,"column":10}},"skip":true},"8":{"name":"(anonymous_8)","line":129,"loc":{"start":{"line":129,"column":12},"end":{"line":129,"column":40}},"skip":true},"9":{"name":"(anonymous_9)","line":137,"loc":{"start":{"line":137,"column":77},"end":{"line":140,"column":10}},"skip":true},"10":{"name":"(anonymous_10)","line":148,"loc":{"start":{"line":148,"column":83},"end":{"line":151,"column":10}},"skip":true},"11":{"name":"(anonymous_11)","line":159,"loc":{"start":{"line":159,"column":79},"end":{"line":162,"column":10}},"skip":true},"12":{"name":"(anonymous_12)","line":170,"loc":{"start":{"line":170,"column":75},"end":{"line":173,"column":10}},"skip":true}},"statementMap":{"1":{"start":{"line":12,"column":0},"end":{"line":185,"column":5}},"2":{"start":{"line":14,"column":4},"end":{"line":14,"column":14}},"3":{"start":{"line":19,"column":4},"end":{"line":56,"column":9}},"4":{"start":{"line":21,"column":8},"end":{"line":21,"column":19}},"5":{"start":{"line":23,"column":8},"end":{"line":35,"column":13}},"6":{"start":{"line":24,"column":12},"end":{"line":34,"column":13}},"7":{"start":{"line":25,"column":16},"end":{"line":28,"column":30}},"8":{"start":{"line":30,"column":16},"end":{"line":33,"column":27}},"9":{"start":{"line":37,"column":8},"end":{"line":39,"column":21}},"10":{"start":{"line":40,"column":8},"end":{"line":53,"column":9}},"11":{"start":{"line":43,"column":12},"end":{"line":46,"column":14}},"12":{"start":{"line":47,"column":12},"end":{"line":47,"column":18}},"13":{"start":{"line":50,"column":12},"end":{"line":51,"column":46}},"14":{"start":{"line":52,"column":12},"end":{"line":52,"column":18}},"15":{"start":{"line":55,"column":8},"end":{"line":55,"column":35}},"16":{"start":{"line":61,"column":4},"end":{"line":63,"column":9}},"17":{"start":{"line":62,"column":8},"end":{"line":62,"column":15}},"18":{"start":{"line":64,"column":4},"end":{"line":77,"column":5}},"19":{"start":{"line":70,"column":8},"end":{"line":70,"column":14}},"20":{"start":{"line":76,"column":8},"end":{"line":76,"column":14}},"21":{"start":{"line":82,"column":4},"end":{"line":84,"column":9}},"22":{"start":{"line":83,"column":8},"end":{"line":83,"column":15}},"23":{"start":{"line":85,"column":4},"end":{"line":184,"column":5}},"24":{"start":{"line":92,"column":8},"end":{"line":94,"column":63}},"25":{"start":{"line":95,"column":8},"end":{"line":95,"column":14}},"26":{"start":{"line":102,"column":8},"end":{"line":111,"column":10},"skip":true},"27":{"start":{"line":109,"column":12},"end":{"line":109,"column":55},"skip":true},"28":{"start":{"line":110,"column":12},"end":{"line":110,"column":48},"skip":true},"29":{"start":{"line":113,"column":8},"end":{"line":126,"column":10},"skip":true},"30":{"start":{"line":120,"column":12},"end":{"line":120,"column":76},"skip":true},"31":{"start":{"line":121,"column":12},"end":{"line":121,"column":73},"skip":true},"32":{"start":{"line":122,"column":12},"end":{"line":122,"column":74},"skip":true},"33":{"start":{"line":123,"column":12},"end":{"line":123,"column":79},"skip":true},"34":{"start":{"line":124,"column":12},"end":{"line":124,"column":25},"skip":true},"35":{"start":{"line":125,"column":12},"end":{"line":125,"column":45},"skip":true},"36":{"start":{"line":128,"column":8},"end":{"line":135,"column":14},"skip":true},"37":{"start":{"line":133,"column":16},"end":{"line":133,"column":29},"skip":true},"38":{"start":{"line":134,"column":16},"end":{"line":134,"column":55},"skip":true},"39":{"start":{"line":137,"column":8},"end":{"line":146,"column":10},"skip":true},"40":{"start":{"line":144,"column":12},"end":{"line":144,"column":25},"skip":true},"41":{"start":{"line":145,"column":12},"end":{"line":145,"column":45},"skip":true},"42":{"start":{"line":148,"column":8},"end":{"line":157,"column":10},"skip":true},"43":{"start":{"line":155,"column":12},"end":{"line":155,"column":25},"skip":true},"44":{"start":{"line":156,"column":12},"end":{"line":156,"column":48},"skip":true},"45":{"start":{"line":159,"column":8},"end":{"line":168,"column":10},"skip":true},"46":{"start":{"line":166,"column":12},"end":{"line":166,"column":25},"skip":true},"47":{"start":{"line":167,"column":12},"end":{"line":167,"column":46},"skip":true},"48":{"start":{"line":170,"column":8},"end":{"line":179,"column":10},"skip":true},"49":{"start":{"line":177,"column":12},"end":{"line":177,"column":94},"skip":true},"50":{"start":{"line":178,"column":12},"end":{"line":178,"column":48},"skip":true},"51":{"start":{"line":182,"column":8},"end":{"line":182,"column":35},"skip":true},"52":{"start":{"line":183,"column":8},"end":{"line":183,"column":14},"skip":true}},"branchMap":{"1":{"line":25,"type":"binary-expr","locations":[{"start":{"line":25,"column":23},"end":{"line":25,"column":62}},{"start":{"line":26,"column":20},"end":{"line":26,"column":70}},{"start":{"line":27,"column":20},"end":{"line":27,"column":71}},{"start":{"line":28,"column":20},"end":{"line":28,"column":29}}]},"2":{"line":30,"type":"binary-expr","locations":[{"start":{"line":30,"column":23},"end":{"line":30,"column":37}},{"start":{"line":31,"column":20},"end":{"line":31,"column":61}},{"start":{"line":32,"column":20},"end":{"line":32,"column":70}},{"start":{"line":33,"column":20},"end":{"line":33,"column":26}}]},"3":{"line":37,"type":"cond-expr","locations":[{"start":{"line":38,"column":14},"end":{"line":38,"column":20}},{"start":{"line":39,"column":14},"end":{"line":39,"column":20}}]},"4":{"line":40,"type":"switch","locations":[{"start":{"line":42,"column":8},"end":{"line":47,"column":18}},{"start":{"line":49,"column":8},"end":{"line":52,"column":18}}]},"5":{"line":44,"type":"binary-expr","locations":[{"start":{"line":44,"column":16},"end":{"line":44,"column":44}},{"start":{"line":44,"column":48},"end":{"line":44,"column":66}}]},"6":{"line":50,"type":"binary-expr","locations":[{"start":{"line":50,"column":21},"end":{"line":50,"column":49}},{"start":{"line":50,"column":53},"end":{"line":50,"column":72}}]},"7":{"line":64,"type":"switch","locations":[{"start":{"line":69,"column":4},"end":{"line":70,"column":14}},{"start":{"line":75,"column":4},"end":{"line":76,"column":14}}]},"8":{"line":85,"type":"switch","locations":[{"start":{"line":90,"column":4},"end":{"line":95,"column":14}},{"start":{"line":101,"column":4},"end":{"line":183,"column":14},"skip":true}]},"9":{"line":92,"type":"binary-expr","locations":[{"start":{"line":92,"column":18},"end":{"line":92,"column":32}},{"start":{"line":93,"column":12},"end":{"line":93,"column":53}},{"start":{"line":94,"column":12},"end":{"line":94,"column":61}}]},"10":{"line":102,"type":"binary-expr","locations":[{"start":{"line":102,"column":45},"end":{"line":102,"column":79},"skip":true},{"start":{"line":102,"column":83},"end":{"line":111,"column":9},"skip":true}]},"11":{"line":113,"type":"binary-expr","locations":[{"start":{"line":113,"column":42},"end":{"line":113,"column":73},"skip":true},{"start":{"line":113,"column":77},"end":{"line":126,"column":9},"skip":true}]},"12":{"line":128,"type":"binary-expr","locations":[{"start":{"line":128,"column":48},"end":{"line":128,"column":85},"skip":true},{"start":{"line":129,"column":12},"end":{"line":135,"column":13},"skip":true}]},"13":{"line":137,"type":"binary-expr","locations":[{"start":{"line":137,"column":42},"end":{"line":137,"column":73},"skip":true},{"start":{"line":137,"column":77},"end":{"line":146,"column":9},"skip":true}]},"14":{"line":148,"type":"binary-expr","locations":[{"start":{"line":148,"column":45},"end":{"line":148,"column":79},"skip":true},{"start":{"line":148,"column":83},"end":{"line":157,"column":9},"skip":true}]},"15":{"line":159,"type":"binary-expr","locations":[{"start":{"line":159,"column":43},"end":{"line":159,"column":75},"skip":true},{"start":{"line":159,"column":79},"end":{"line":168,"column":9},"skip":true}]},"16":{"line":170,"type":"binary-expr","locations":[{"start":{"line":170,"column":41},"end":{"line":170,"column":71},"skip":true},{"start":{"line":170,"column":75},"end":{"line":179,"column":9},"skip":true}]}},"code":["/* istanbul instrument in package npmtest_browser_sync */","/*jslint","    bitwise: true,","    browser: true,","    maxerr: 8,","    maxlen: 96,","    node: true,","    nomen: true,","    regexp: true,","    stupid: true","*/","(function () {","    'use strict';","    var local;","","","","    // run shared js-env code - pre-init","    (function () {","        // init local","        local = {};","        // init modeJs","        local.modeJs = (function () {","            try {","                return typeof navigator.userAgent === 'string' &&","                    typeof document.querySelector('body') === 'object' &&","                    typeof XMLHttpRequest.prototype.open === 'function' &&","                    'browser';","            } catch (errorCaughtBrowser) {","                return module.exports &&","                    typeof process.versions.node === 'string' &&","                    typeof require('http').createServer === 'function' &&","                    'node';","            }","        }());","        // init global","        local.global = local.modeJs === 'browser'","            ? window","            : global;","        switch (local.modeJs) {","        // re-init local from window.local","        case 'browser':","            local = local.global.utility2.objectSetDefault(","                local.global.utility2_rollup || local.global.local,","                local.global.utility2","            );","            break;","        // re-init local from example.js","        case 'node':","            local = (local.global.utility2_rollup || require('utility2'))","                .requireExampleJsFromReadme();","            break;","        }","        // export local","        local.global.local = local;","    }());","","","","    // run shared js-env code - function","    (function () {","        return;","    }());","    switch (local.modeJs) {","","","","    // run browser js-env code - function","    case 'browser':","        break;","","","","    // run node js-env code - function","    case 'node':","        break;","    }","","","","    // run shared js-env code - post-init","    (function () {","        return;","    }());","    switch (local.modeJs) {","","","","    // run browser js-env code - post-init","    case 'browser':","        // run tests","        local.nop(local.modeTest &&","            document.querySelector('#testRunButton1') &&","            document.querySelector('#testRunButton1').click());","        break;","","","","    // run node js-env code - post-init","    /* istanbul ignore next */","    case 'node':","        local.testCase_buildApidoc_default = local.testCase_buildApidoc_default || function (","            options,","            onError","        ) {","        /*","         * this function will test buildApidoc's default handling-behavior-behavior","         */","            options = { modulePathList: module.paths };","            local.buildApidoc(options, onError);","        };","","        local.testCase_buildApp_default = local.testCase_buildApp_default || function (","            options,","            onError","        ) {","        /*","         * this function will test buildApp's default handling-behavior-behavior","         */","            local.testCase_buildReadme_default(options, local.onErrorThrow);","            local.testCase_buildLib_default(options, local.onErrorThrow);","            local.testCase_buildTest_default(options, local.onErrorThrow);","            local.testCase_buildCustomOrg_default(options, local.onErrorThrow);","            options = [];","            local.buildApp(options, onError);","        };","","        local.testCase_buildCustomOrg_default = local.testCase_buildCustomOrg_default ||","            function (options, onError) {","            /*","             * this function will test buildCustomOrg's default handling-behavior","             */","                options = {};","                local.buildCustomOrg(options, onError);","            };","","        local.testCase_buildLib_default = local.testCase_buildLib_default || function (","            options,","            onError","        ) {","        /*","         * this function will test buildLib's default handling-behavior","         */","            options = {};","            local.buildLib(options, onError);","        };","","        local.testCase_buildReadme_default = local.testCase_buildReadme_default || function (","            options,","            onError","        ) {","        /*","         * this function will test buildReadme's default handling-behavior-behavior","         */","            options = {};","            local.buildReadme(options, onError);","        };","","        local.testCase_buildTest_default = local.testCase_buildTest_default || function (","            options,","            onError","        ) {","        /*","         * this function will test buildTest's default handling-behavior","         */","            options = {};","            local.buildTest(options, onError);","        };","","        local.testCase_webpage_default = local.testCase_webpage_default || function (","            options,","            onError","        ) {","        /*","         * this function will test webpage's default handling-behavior","         */","            options = { modeCoverageMerge: true, url: local.serverLocalHost + '?modeTest=1' };","            local.browserTest(options, onError);","        };","","        // run test-server","        local.testRunServer(local);","        break;","    }","}());",""],"l":{"12":2,"14":2,"19":2,"21":2,"23":2,"24":2,"25":2,"30":1,"37":2,"40":2,"43":1,"47":1,"50":1,"52":1,"55":2,"61":2,"62":2,"64":2,"70":1,"76":1,"82":2,"83":2,"85":2,"92":1,"95":1,"102":1,"109":1,"110":1,"113":1,"120":1,"121":1,"122":1,"123":1,"124":1,"125":1,"128":1,"133":2,"134":2,"137":1,"144":2,"145":2,"148":1,"155":2,"156":2,"159":1,"166":2,"167":2,"170":1,"177":1,"178":1,"182":1,"183":1}},"/home/travis/build/npmtest/node-npmtest-browser-sync/lib.npmtest_browser_sync.js":{"path":"/home/travis/build/npmtest/node-npmtest-browser-sync/lib.npmtest_browser_sync.js","s":{"1":2,"2":2,"3":2,"4":2,"5":2,"6":2,"7":2,"8":1,"9":2,"10":2,"11":2,"12":2,"13":1,"14":1,"15":1,"16":1},"b":{"1":[2,1,1,1],"2":[1,1,1,1],"3":[1,1],"4":[2,2],"5":[1,1]},"f":{"1":2,"2":2,"3":2},"fnMap":{"1":{"name":"(anonymous_1)","line":12,"loc":{"start":{"line":12,"column":1},"end":{"line":12,"column":13}}},"2":{"name":"(anonymous_2)","line":19,"loc":{"start":{"line":19,"column":5},"end":{"line":19,"column":17}}},"3":{"name":"(anonymous_3)","line":23,"loc":{"start":{"line":23,"column":24},"end":{"line":23,"column":36}}}},"statementMap":{"1":{"start":{"line":12,"column":0},"end":{"line":53,"column":5}},"2":{"start":{"line":14,"column":4},"end":{"line":14,"column":14}},"3":{"start":{"line":19,"column":4},"end":{"line":52,"column":9}},"4":{"start":{"line":21,"column":8},"end":{"line":21,"column":19}},"5":{"start":{"line":23,"column":8},"end":{"line":35,"column":13}},"6":{"start":{"line":24,"column":12},"end":{"line":34,"column":13}},"7":{"start":{"line":25,"column":16},"end":{"line":28,"column":30}},"8":{"start":{"line":30,"column":16},"end":{"line":33,"column":27}},"9":{"start":{"line":37,"column":8},"end":{"line":39,"column":21}},"10":{"start":{"line":41,"column":8},"end":{"line":41,"column":54}},"11":{"start":{"line":43,"column":8},"end":{"line":43,"column":57}},"12":{"start":{"line":45,"column":8},"end":{"line":51,"column":9}},"13":{"start":{"line":46,"column":12},"end":{"line":46,"column":63}},"14":{"start":{"line":48,"column":12},"end":{"line":48,"column":35}},"15":{"start":{"line":49,"column":12},"end":{"line":49,"column":49}},"16":{"start":{"line":50,"column":12},"end":{"line":50,"column":43}}},"branchMap":{"1":{"line":25,"type":"binary-expr","locations":[{"start":{"line":25,"column":23},"end":{"line":25,"column":62}},{"start":{"line":26,"column":20},"end":{"line":26,"column":70}},{"start":{"line":27,"column":20},"end":{"line":27,"column":71}},{"start":{"line":28,"column":20},"end":{"line":28,"column":29}}]},"2":{"line":30,"type":"binary-expr","locations":[{"start":{"line":30,"column":23},"end":{"line":30,"column":37}},{"start":{"line":31,"column":20},"end":{"line":31,"column":61}},{"start":{"line":32,"column":20},"end":{"line":32,"column":70}},{"start":{"line":33,"column":20},"end":{"line":33,"column":26}}]},"3":{"line":37,"type":"cond-expr","locations":[{"start":{"line":38,"column":14},"end":{"line":38,"column":20}},{"start":{"line":39,"column":14},"end":{"line":39,"column":20}}]},"4":{"line":41,"type":"binary-expr","locations":[{"start":{"line":41,"column":16},"end":{"line":41,"column":44}},{"start":{"line":41,"column":48},"end":{"line":41,"column":53}}]},"5":{"line":45,"type":"if","locations":[{"start":{"line":45,"column":8},"end":{"line":45,"column":8}},{"start":{"line":45,"column":8},"end":{"line":45,"column":8}}]}},"code":["/* istanbul instrument in package npmtest_browser_sync */","/*jslint","    bitwise: true,","    browser: true,","    maxerr: 8,","    maxlen: 96,","    node: true,","    nomen: true,","    regexp: true,","    stupid: true","*/","(function () {","    'use strict';","    var local;","","","","    // run shared js-env code - pre-init","    (function () {","        // init local","        local = {};","        // init modeJs","        local.modeJs = (function () {","            try {","                return typeof navigator.userAgent === 'string' &&","                    typeof document.querySelector('body') === 'object' &&","                    typeof XMLHttpRequest.prototype.open === 'function' &&","                    'browser';","            } catch (errorCaughtBrowser) {","                return module.exports &&","                    typeof process.versions.node === 'string' &&","                    typeof require('http').createServer === 'function' &&","                    'node';","            }","        }());","        // init global","        local.global = local.modeJs === 'browser'","            ? window","            : global;","        // init utility2_rollup","        local = local.global.utility2_rollup || local;","        // init lib","        local.local = local.npmtest_browser_sync = local;","        // init exports","        if (local.modeJs === 'browser') {","            local.global.utility2_npmtest_browser_sync = local;","        } else {","            module.exports = local;","            module.exports.__dirname = __dirname;","            module.exports.module = module;","        }","    }());","}());",""],"l":{"12":2,"14":2,"19":2,"21":2,"23":2,"24":2,"25":2,"30":1,"37":2,"41":2,"43":2,"45":2,"46":1,"48":1,"49":1,"50":1}},"/home/travis/build/npmtest/node-npmtest-browser-sync/example.js":{"path":"/home/travis/build/npmtest/node-npmtest-browser-sync/example.js","s":{"1":2,"2":2,"3":2,"4":2,"5":2,"6":2,"7":2,"8":1,"9":2,"10":2,"11":2,"12":2,"13":1,"14":2,"15":2,"16":2,"17":2,"18":2,"19":0,"20":2,"21":1,"22":1,"23":1,"24":1,"25":1,"26":0,"27":0,"28":1,"29":1,"30":2,"31":0,"32":0,"33":0,"34":1,"35":2,"36":2,"37":2,"38":2,"39":2,"40":2,"41":0,"42":2,"43":2,"44":2,"45":1,"46":3,"47":1,"48":1,"49":1,"50":1,"51":1,"52":1,"53":1,"54":1,"55":1,"56":1,"57":0,"58":1,"59":6,"60":6,"61":1,"62":2,"63":0,"64":2,"65":1,"66":1,"67":0,"68":0,"69":0,"70":0,"71":0,"72":0,"73":0,"74":0,"75":0,"76":0,"77":0,"78":0,"79":0,"80":0,"81":0,"82":0,"83":0},"b":{"1":[2,1,1,1],"2":[1,1,1,1],"3":[1,1],"4":[2,2],"5":[1,1],"6":[1,1],"7":[2,0],"8":[2,1,1,1,1,1],"9":[0,2,0],"10":[1,1],"11":[2,1,1],"12":[1,0],"13":[0,2],"14":[2,0,0,0,0,0,0],"15":[0,2],"16":[2,0],"17":[1,1],"18":[0,1],"19":[1,2,0,2],"20":[1,0],"21":[1,1],"22":[0,0],"23":[0,0],"24":[0,0],"25":[0,0],"26":[0,0],"27":[0,0],"28":[0,0]},"f":{"1":2,"2":2,"3":2,"4":2,"5":2,"6":2,"7":2,"8":2,"9":3,"10":1,"11":6,"12":0},"fnMap":{"1":{"name":"(anonymous_1)","line":26,"loc":{"start":{"line":26,"column":1},"end":{"line":26,"column":13}}},"2":{"name":"(anonymous_2)","line":33,"loc":{"start":{"line":33,"column":5},"end":{"line":33,"column":17}}},"3":{"name":"(anonymous_3)","line":37,"loc":{"start":{"line":37,"column":24},"end":{"line":37,"column":36}}},"4":{"name":"(anonymous_4)","line":69,"loc":{"start":{"line":69,"column":31},"end":{"line":69,"column":48}},"skip":true},"5":{"name":"(anonymous_5)","line":78,"loc":{"start":{"line":78,"column":26},"end":{"line":78,"column":45}},"skip":true},"6":{"name":"(anonymous_6)","line":123,"loc":{"start":{"line":123,"column":33},"end":{"line":123,"column":48}},"skip":true},"7":{"name":"(anonymous_7)","line":125,"loc":{"start":{"line":125,"column":27},"end":{"line":125,"column":39}},"skip":true},"8":{"name":"(anonymous_8)","line":133,"loc":{"start":{"line":133,"column":59},"end":{"line":133,"column":74}},"skip":true},"9":{"name":"(anonymous_9)","line":143,"loc":{"start":{"line":143,"column":45},"end":{"line":143,"column":62}},"skip":true},"10":{"name":"(anonymous_10)","line":144,"loc":{"start":{"line":144,"column":73},"end":{"line":144,"column":92}},"skip":true},"11":{"name":"(anonymous_11)","line":272,"loc":{"start":{"line":272,"column":51},"end":{"line":272,"column":77}},"skip":true},"12":{"name":"(anonymous_12)","line":314,"loc":{"start":{"line":314,"column":32},"end":{"line":314,"column":61}},"skip":true}},"statementMap":{"1":{"start":{"line":26,"column":0},"end":{"line":325,"column":5}},"2":{"start":{"line":28,"column":4},"end":{"line":28,"column":14}},"3":{"start":{"line":33,"column":4},"end":{"line":60,"column":9}},"4":{"start":{"line":35,"column":8},"end":{"line":35,"column":19}},"5":{"start":{"line":37,"column":8},"end":{"line":49,"column":13}},"6":{"start":{"line":38,"column":12},"end":{"line":48,"column":13}},"7":{"start":{"line":39,"column":16},"end":{"line":42,"column":30}},"8":{"start":{"line":44,"column":16},"end":{"line":47,"column":27}},"9":{"start":{"line":51,"column":8},"end":{"line":53,"column":21}},"10":{"start":{"line":55,"column":8},"end":{"line":57,"column":45}},"11":{"start":{"line":59,"column":8},"end":{"line":59,"column":35}},"12":{"start":{"line":61,"column":4},"end":{"line":324,"column":5}},"13":{"start":{"line":69,"column":8},"end":{"line":121,"column":10},"skip":true},"14":{"start":{"line":70,"column":12},"end":{"line":88,"column":13},"skip":true},"15":{"start":{"line":76,"column":16},"end":{"line":87,"column":19},"skip":true},"16":{"start":{"line":79,"column":20},"end":{"line":86,"column":21},"skip":true},"17":{"start":{"line":82,"column":24},"end":{"line":82,"column":43},"skip":true},"18":{"start":{"line":83,"column":24},"end":{"line":83,"column":30},"skip":true},"19":{"start":{"line":85,"column":24},"end":{"line":85,"column":49},"skip":true},"20":{"start":{"line":89,"column":12},"end":{"line":107,"column":13},"skip":true},"21":{"start":{"line":92,"column":16},"end":{"line":102,"column":17},"skip":true},"22":{"start":{"line":93,"column":20},"end":{"line":93,"column":86},"skip":true},"23":{"start":{"line":94,"column":20},"end":{"line":95,"column":45},"skip":true},"24":{"start":{"line":96,"column":20},"end":{"line":96,"column":42},"skip":true},"25":{"start":{"line":97,"column":20},"end":{"line":97,"column":48},"skip":true},"26":{"start":{"line":100,"column":20},"end":{"line":100,"column":85},"skip":true},"27":{"start":{"line":101,"column":20},"end":{"line":101,"column":96},"skip":true},"28":{"start":{"line":103,"column":16},"end":{"line":103,"column":22},"skip":true},"29":{"start":{"line":106,"column":16},"end":{"line":106,"column":22},"skip":true},"30":{"start":{"line":108,"column":12},"end":{"line":120,"column":13},"skip":true},"31":{"start":{"line":114,"column":16},"end":{"line":119,"column":17},"skip":true},"32":{"start":{"line":116,"column":20},"end":{"line":116,"column":78},"skip":true},"33":{"start":{"line":118,"column":20},"end":{"line":118,"column":47},"skip":true},"34":{"start":{"line":123,"column":8},"end":{"line":141,"column":11},"skip":true},"35":{"start":{"line":124,"column":12},"end":{"line":124,"column":54},"skip":true},"36":{"start":{"line":125,"column":12},"end":{"line":140,"column":14},"skip":true},"37":{"start":{"line":126,"column":16},"end":{"line":126,"column":28},"skip":true},"38":{"start":{"line":127,"column":16},"end":{"line":127,"column":69},"skip":true},"39":{"start":{"line":128,"column":16},"end":{"line":128,"column":75},"skip":true},"40":{"start":{"line":129,"column":16},"end":{"line":131,"column":17},"skip":true},"41":{"start":{"line":130,"column":20},"end":{"line":130,"column":27},"skip":true},"42":{"start":{"line":133,"column":16},"end":{"line":137,"column":36},"skip":true},"43":{"start":{"line":134,"column":20},"end":{"line":136,"column":55},"skip":true},"44":{"start":{"line":139,"column":16},"end":{"line":139,"column":57},"skip":true},"45":{"start":{"line":143,"column":8},"end":{"line":147,"column":11},"skip":true},"46":{"start":{"line":144,"column":12},"end":{"line":146,"column":15},"skip":true},"47":{"start":{"line":145,"column":16},"end":{"line":145,"column":70},"skip":true},"48":{"start":{"line":149,"column":8},"end":{"line":149,"column":31},"skip":true},"49":{"start":{"line":150,"column":8},"end":{"line":150,"column":14},"skip":true},"50":{"start":{"line":158,"column":8},"end":{"line":158,"column":31},"skip":true},"51":{"start":{"line":160,"column":8},"end":{"line":160,"column":33},"skip":true},"52":{"start":{"line":161,"column":8},"end":{"line":161,"column":37},"skip":true},"53":{"start":{"line":162,"column":8},"end":{"line":162,"column":35},"skip":true},"54":{"start":{"line":164,"column":8},"end":{"line":164,"column":50},"skip":true},"55":{"start":{"line":166,"column":8},"end":{"line":256,"column":2},"skip":true},"56":{"start":{"line":258,"column":8},"end":{"line":286,"column":9},"skip":true},"57":{"start":{"line":259,"column":12},"end":{"line":269,"column":14},"skip":true},"58":{"start":{"line":271,"column":12},"end":{"line":285,"column":19},"skip":true},"59":{"start":{"line":274,"column":20},"end":{"line":274,"column":35},"skip":true},"60":{"start":{"line":275,"column":20},"end":{"line":284,"column":21},"skip":true},"61":{"start":{"line":277,"column":24},"end":{"line":277,"column":64},"skip":true},"62":{"start":{"line":279,"column":24},"end":{"line":279,"column":40},"skip":true},"63":{"start":{"line":281,"column":24},"end":{"line":281,"column":40},"skip":true},"64":{"start":{"line":283,"column":24},"end":{"line":283,"column":39},"skip":true},"65":{"start":{"line":288,"column":8},"end":{"line":290,"column":9},"skip":true},"66":{"start":{"line":289,"column":12},"end":{"line":289,"column":18},"skip":true},"67":{"start":{"line":291,"column":8},"end":{"line":293,"column":54},"skip":true},"68":{"start":{"line":294,"column":8},"end":{"line":301,"column":37},"skip":true},"69":{"start":{"line":302,"column":8},"end":{"line":302,"column":82},"skip":true},"70":{"start":{"line":305,"column":8},"end":{"line":307,"column":9},"skip":true},"71":{"start":{"line":306,"column":12},"end":{"line":306,"column":82},"skip":true},"72":{"start":{"line":309,"column":8},"end":{"line":311,"column":9},"skip":true},"73":{"start":{"line":310,"column":12},"end":{"line":310,"column":18},"skip":true},"74":{"start":{"line":312,"column":8},"end":{"line":312,"column":54},"skip":true},"75":{"start":{"line":313,"column":8},"end":{"line":313,"column":69},"skip":true},"76":{"start":{"line":314,"column":8},"end":{"line":322,"column":36},"skip":true},"77":{"start":{"line":315,"column":12},"end":{"line":315,"column":61},"skip":true},"78":{"start":{"line":316,"column":12},"end":{"line":319,"column":13},"skip":true},"79":{"start":{"line":317,"column":16},"end":{"line":317,"column":75},"skip":true},"80":{"start":{"line":318,"column":16},"end":{"line":318,"column":23},"skip":true},"81":{"start":{"line":320,"column":12},"end":{"line":320,"column":38},"skip":true},"82":{"start":{"line":321,"column":12},"end":{"line":321,"column":27},"skip":true},"83":{"start":{"line":323,"column":8},"end":{"line":323,"column":14},"skip":true}},"branchMap":{"1":{"line":39,"type":"binary-expr","locations":[{"start":{"line":39,"column":23},"end":{"line":39,"column":62}},{"start":{"line":40,"column":20},"end":{"line":40,"column":70}},{"start":{"line":41,"column":20},"end":{"line":41,"column":71}},{"start":{"line":42,"column":20},"end":{"line":42,"column":29}}]},"2":{"line":44,"type":"binary-expr","locations":[{"start":{"line":44,"column":23},"end":{"line":44,"column":37}},{"start":{"line":45,"column":20},"end":{"line":45,"column":61}},{"start":{"line":46,"column":20},"end":{"line":46,"column":70}},{"start":{"line":47,"column":20},"end":{"line":47,"column":26}}]},"3":{"line":51,"type":"cond-expr","locations":[{"start":{"line":52,"column":14},"end":{"line":52,"column":20}},{"start":{"line":53,"column":14},"end":{"line":53,"column":20}}]},"4":{"line":55,"type":"binary-expr","locations":[{"start":{"line":55,"column":16},"end":{"line":55,"column":44}},{"start":{"line":55,"column":49},"end":{"line":57,"column":43}}]},"5":{"line":55,"type":"cond-expr","locations":[{"start":{"line":56,"column":14},"end":{"line":56,"column":56}},{"start":{"line":57,"column":14},"end":{"line":57,"column":43}}]},"6":{"line":61,"type":"switch","locations":[{"start":{"line":68,"column":4},"end":{"line":150,"column":14},"skip":true},{"start":{"line":156,"column":4},"end":{"line":323,"column":14},"skip":true}]},"7":{"line":70,"type":"if","locations":[{"start":{"line":70,"column":12},"end":{"line":70,"column":12},"skip":true},{"start":{"line":70,"column":12},"end":{"line":70,"column":12},"skip":true}]},"8":{"line":70,"type":"binary-expr","locations":[{"start":{"line":70,"column":16},"end":{"line":70,"column":22},"skip":true},{"start":{"line":70,"column":27},"end":{"line":70,"column":32},"skip":true},{"start":{"line":71,"column":20},"end":{"line":71,"column":39},"skip":true},{"start":{"line":72,"column":20},"end":{"line":72,"column":49},"skip":true},{"start":{"line":73,"column":20},"end":{"line":73,"column":58},"skip":true},{"start":{"line":74,"column":20},"end":{"line":74,"column":69},"skip":true}]},"9":{"line":79,"type":"switch","locations":[{"start":{"line":80,"column":20},"end":{"line":80,"column":33},"skip":true},{"start":{"line":81,"column":20},"end":{"line":83,"column":30},"skip":true},{"start":{"line":84,"column":20},"end":{"line":85,"column":49},"skip":true}]},"10":{"line":89,"type":"switch","locations":[{"start":{"line":90,"column":12},"end":{"line":103,"column":22},"skip":true},{"start":{"line":105,"column":12},"end":{"line":106,"column":22},"skip":true}]},"11":{"line":89,"type":"binary-expr","locations":[{"start":{"line":89,"column":20},"end":{"line":89,"column":25},"skip":true},{"start":{"line":89,"column":29},"end":{"line":89,"column":48},"skip":true},{"start":{"line":89,"column":52},"end":{"line":89,"column":74},"skip":true}]},"12":{"line":92,"type":"if","locations":[{"start":{"line":92,"column":16},"end":{"line":92,"column":16},"skip":true},{"start":{"line":92,"column":16},"end":{"line":92,"column":16},"skip":true}]},"13":{"line":108,"type":"if","locations":[{"start":{"line":108,"column":12},"end":{"line":108,"column":12},"skip":true},{"start":{"line":108,"column":12},"end":{"line":108,"column":12},"skip":true}]},"14":{"line":108,"type":"binary-expr","locations":[{"start":{"line":108,"column":16},"end":{"line":108,"column":61},"skip":true},{"start":{"line":108,"column":66},"end":{"line":108,"column":72},"skip":true},{"start":{"line":108,"column":77},"end":{"line":108,"column":82},"skip":true},{"start":{"line":109,"column":20},"end":{"line":109,"column":39},"skip":true},{"start":{"line":110,"column":20},"end":{"line":110,"column":49},"skip":true},{"start":{"line":111,"column":20},"end":{"line":111,"column":58},"skip":true},{"start":{"line":112,"column":20},"end":{"line":112,"column":68},"skip":true}]},"15":{"line":129,"type":"if","locations":[{"start":{"line":129,"column":16},"end":{"line":129,"column":16},"skip":true},{"start":{"line":129,"column":16},"end":{"line":129,"column":16},"skip":true}]},"16":{"line":134,"type":"cond-expr","locations":[{"start":{"line":135,"column":26},"end":{"line":135,"column":29},"skip":true},{"start":{"line":136,"column":26},"end":{"line":136,"column":54},"skip":true}]},"17":{"line":164,"type":"binary-expr","locations":[{"start":{"line":164,"column":27},"end":{"line":164,"column":43},"skip":true},{"start":{"line":164,"column":47},"end":{"line":164,"column":49},"skip":true}]},"18":{"line":258,"type":"if","locations":[{"start":{"line":258,"column":8},"end":{"line":258,"column":8},"skip":true},{"start":{"line":258,"column":8},"end":{"line":258,"column":8},"skip":true}]},"19":{"line":275,"type":"switch","locations":[{"start":{"line":276,"column":20},"end":{"line":277,"column":64},"skip":true},{"start":{"line":278,"column":20},"end":{"line":279,"column":40},"skip":true},{"start":{"line":280,"column":20},"end":{"line":281,"column":40},"skip":true},{"start":{"line":282,"column":20},"end":{"line":283,"column":39},"skip":true}]},"20":{"line":288,"type":"if","locations":[{"start":{"line":288,"column":8},"end":{"line":288,"column":8},"skip":true},{"start":{"line":288,"column":8},"end":{"line":288,"column":8},"skip":true}]},"21":{"line":288,"type":"binary-expr","locations":[{"start":{"line":288,"column":12},"end":{"line":288,"column":40},"skip":true},{"start":{"line":288,"column":44},"end":{"line":288,"column":67},"skip":true}]},"22":{"line":292,"type":"binary-expr","locations":[{"start":{"line":292,"column":12},"end":{"line":292,"column":50},"skip":true},{"start":{"line":293,"column":12},"end":{"line":293,"column":53},"skip":true}]},"23":{"line":295,"type":"binary-expr","locations":[{"start":{"line":295,"column":12},"end":{"line":295,"column":70},"skip":true},{"start":{"line":296,"column":12},"end":{"line":301,"column":36},"skip":true}]},"24":{"line":302,"type":"binary-expr","locations":[{"start":{"line":302,"column":43},"end":{"line":302,"column":75},"skip":true},{"start":{"line":302,"column":79},"end":{"line":302,"column":81},"skip":true}]},"25":{"line":305,"type":"if","locations":[{"start":{"line":305,"column":8},"end":{"line":305,"column":8},"skip":true},{"start":{"line":305,"column":8},"end":{"line":305,"column":8},"skip":true}]},"26":{"line":309,"type":"if","locations":[{"start":{"line":309,"column":8},"end":{"line":309,"column":8},"skip":true},{"start":{"line":309,"column":8},"end":{"line":309,"column":8},"skip":true}]},"27":{"line":312,"type":"binary-expr","locations":[{"start":{"line":312,"column":27},"end":{"line":312,"column":43},"skip":true},{"start":{"line":312,"column":47},"end":{"line":312,"column":53},"skip":true}]},"28":{"line":316,"type":"if","locations":[{"start":{"line":316,"column":12},"end":{"line":316,"column":12},"skip":true},{"start":{"line":316,"column":12},"end":{"line":316,"column":12},"skip":true}]}},"code":["/*","example.js","","quickstart example","","instruction","    1. save this script as example.js","    2. run the shell command:","        $ npm install npmtest-browser-sync && PORT=8081 node example.js","    3. play with the browser-demo on http://127.0.0.1:8081","*/","","","","/* istanbul instrument in package npmtest_browser_sync */","/*jslint","    bitwise: true,","    browser: true,","    maxerr: 8,","    maxlen: 96,","    node: true,","    nomen: true,","    regexp: true,","    stupid: true","*/","(function () {","    'use strict';","    var local;","","","","    // run shared js-env code - pre-init","    (function () {","        // init local","        local = {};","        // init modeJs","        local.modeJs = (function () {","            try {","                return typeof navigator.userAgent === 'string' &&","                    typeof document.querySelector('body') === 'object' &&","                    typeof XMLHttpRequest.prototype.open === 'function' &&","                    'browser';","            } catch (errorCaughtBrowser) {","                return module.exports &&","                    typeof process.versions.node === 'string' &&","                    typeof require('http').createServer === 'function' &&","                    'node';","            }","        }());","        // init global","        local.global = local.modeJs === 'browser'","            ? window","            : global;","        // init utility2_rollup","        local = local.global.utility2_rollup || (local.modeJs === 'browser'","            ? local.global.utility2_npmtest_browser_sync","            : global.utility2_moduleExports);","        // export local","        local.global.local = local;","    }());","    switch (local.modeJs) {","","","","    // post-init","    // run browser js-env code - post-init","    /* istanbul ignore next */","    case 'browser':","        local.testRunBrowser = function (event) {","            if (!event || (event &&","                    event.currentTarget &&","                    event.currentTarget.className &&","                    event.currentTarget.className.includes &&","                    event.currentTarget.className.includes('onreset'))) {","                // reset output","                Array.from(","                    document.querySelectorAll('body > .resettable')","                ).forEach(function (element) {","                    switch (element.tagName) {","                    case 'INPUT':","                    case 'TEXTAREA':","                        element.value = '';","                        break;","                    default:","                        element.textContent = '';","                    }","                });","            }","            switch (event && event.currentTarget && event.currentTarget.id) {","            case 'testRunButton1':","                // show tests","                if (document.querySelector('#testReportDiv1').style.display === 'none') {","                    document.querySelector('#testReportDiv1').style.display = 'block';","                    document.querySelector('#testRunButton1').textContent =","                        'hide internal test';","                    local.modeTest = true;","                    local.testRunDefault(local);","                // hide tests","                } else {","                    document.querySelector('#testReportDiv1').style.display = 'none';","                    document.querySelector('#testRunButton1').textContent = 'run internal test';","                }","                break;","            // custom-case","            default:","                break;","            }","            if (document.querySelector('#inputTextareaEval1') && (!event || (event &&","                    event.currentTarget &&","                    event.currentTarget.className &&","                    event.currentTarget.className.includes &&","                    event.currentTarget.className.includes('oneval')))) {","                // try to eval input-code","                try {","                    /*jslint evil: true*/","                    eval(document.querySelector('#inputTextareaEval1').value);","                } catch (errorCaught) {","                    console.error(errorCaught);","                }","            }","        };","        // log stderr and stdout to #outputTextareaStdout1","        ['error', 'log'].forEach(function (key) {","            console[key + '_original'] = console[key];","            console[key] = function () {","                var element;","                console[key + '_original'].apply(console, arguments);","                element = document.querySelector('#outputTextareaStdout1');","                if (!element) {","                    return;","                }","                // append text to #outputTextareaStdout1","                element.value += Array.from(arguments).map(function (arg) {","                    return typeof arg === 'string'","                        ? arg","                        : JSON.stringify(arg, null, 4);","                }).join(' ') + '\\n';","                // scroll textarea to bottom","                element.scrollTop = element.scrollHeight;","            };","        });","        // init event-handling","        ['change', 'click', 'keyup'].forEach(function (event) {","            Array.from(document.querySelectorAll('.on' + event)).forEach(function (element) {","                element.addEventListener(event, local.testRunBrowser);","            });","        });","        // run tests","        local.testRunBrowser();","        break;","","","","    // run node js-env code - post-init","    /* istanbul ignore next */","    case 'node':","        // export local","        module.exports = local;","        // require modules","        local.fs = require('fs');","        local.http = require('http');","        local.url = require('url');","        // init assets","        local.assetsDict = local.assetsDict || {};","        /* jslint-ignore-begin */","        local.assetsDict['/assets.index.template.html'] = '\\","<!doctype html>\\n\\","<html lang=\"en\">\\n\\","<head>\\n\\","<meta charset=\"UTF-8\">\\n\\","<meta name=\"viewport\" content=\"width=device-width, initial-scale=1\">\\n\\","<title>{{env.npm_package_name}} (v{{env.npm_package_version}})</title>\\n\\","<style>\\n\\","/*csslint\\n\\","    box-sizing: false,\\n\\","    universal-selector: false\\n\\","*/\\n\\","* {\\n\\","    box-sizing: border-box;\\n\\","}\\n\\","body {\\n\\","    background: #dde;\\n\\","    font-family: Arial, Helvetica, sans-serif;\\n\\","    margin: 2rem;\\n\\","}\\n\\","body > * {\\n\\","    margin-bottom: 1rem;\\n\\","}\\n\\",".utility2FooterDiv {\\n\\","    margin-top: 20px;\\n\\","    text-align: center;\\n\\","}\\n\\","</style>\\n\\","<style>\\n\\","/*csslint\\n\\","*/\\n\\","textarea {\\n\\","    font-family: monospace;\\n\\","    height: 10rem;\\n\\","    width: 100%;\\n\\","}\\n\\","textarea[readonly] {\\n\\","    background: #ddd;\\n\\","}\\n\\","</style>\\n\\","</head>\\n\\","<body>\\n\\","<!-- utility2-comment\\n\\","<div id=\"ajaxProgressDiv1\" style=\"background: #d00; height: 2px; left: 0; margin: 0; padding: 0; position: fixed; top: 0; transition: background 0.5s, width 1.5s; width: 25%;\"></div>\\n\\","utility2-comment -->\\n\\","<h1>\\n\\","<!-- utility2-comment\\n\\","    <a\\n\\","        {{#if env.npm_package_homepage}}\\n\\","        href=\"{{env.npm_package_homepage}}\"\\n\\","        {{/if env.npm_package_homepage}}\\n\\","        target=\"_blank\"\\n\\","    >\\n\\","utility2-comment -->\\n\\","        {{env.npm_package_name}} (v{{env.npm_package_version}})\\n\\","<!-- utility2-comment\\n\\","    </a>\\n\\","utility2-comment -->\\n\\","</h1>\\n\\","<h3>{{env.npm_package_description}}</h3>\\n\\","<!-- utility2-comment\\n\\","<h4><a download href=\"assets.app.js\">download standalone app</a></h4>\\n\\","<button class=\"onclick onreset\" id=\"testRunButton1\">run internal test</button><br>\\n\\","<div id=\"testReportDiv1\" style=\"display: none;\"></div>\\n\\","utility2-comment -->\\n\\","\\n\\","\\n\\","\\n\\","<label>stderr and stdout</label>\\n\\","<textarea class=\"resettable\" id=\"outputTextareaStdout1\" readonly></textarea>\\n\\","<!-- utility2-comment\\n\\","{{#if isRollup}}\\n\\","<script src=\"assets.app.js\"></script>\\n\\","{{#unless isRollup}}\\n\\","utility2-comment -->\\n\\","<script src=\"assets.utility2.rollup.js\"></script>\\n\\","<script src=\"jsonp.utility2._stateInit?callback=window.utility2._stateInit\"></script>\\n\\","<script src=\"assets.npmtest_browser_sync.rollup.js\"></script>\\n\\","<script src=\"assets.example.js\"></script>\\n\\","<script src=\"assets.test.js\"></script>\\n\\","<!-- utility2-comment\\n\\","{{/if isRollup}}\\n\\","utility2-comment -->\\n\\","<div class=\"utility2FooterDiv\">\\n\\","    [ this app was created with\\n\\","    <a href=\"https://github.com/kaizhu256/node-utility2\" target=\"_blank\">utility2</a>\\n\\","    ]\\n\\","</div>\\n\\","</body>\\n\\","</html>\\n\\","';","        /* jslint-ignore-end */","        if (local.templateRender) {","            local.assetsDict['/'] = local.templateRender(","                local.assetsDict['/assets.index.template.html'],","                {","                    env: local.objectSetDefault(local.env, {","                        npm_package_description: 'the greatest app in the world!',","                        npm_package_name: 'my-app',","                        npm_package_nameAlias: 'my_app',","                        npm_package_version: '0.0.1'","                    })","                }","            );","        } else {","            local.assetsDict['/'] = local.assetsDict['/assets.index.template.html']","                .replace((/\\{\\{env\\.(\\w+?)\\}\\}/g), function (match0, match1) {","                    // jslint-hack","                    String(match0);","                    switch (match1) {","                    case 'npm_package_description':","                        return 'the greatest app in the world!';","                    case 'npm_package_name':","                        return 'my-app';","                    case 'npm_package_nameAlias':","                        return 'my_app';","                    case 'npm_package_version':","                        return '0.0.1';","                    }","                });","        }","        // run the cli","        if (local.global.utility2_rollup || module !== require.main) {","            break;","        }","        local.assetsDict['/assets.example.js'] =","            local.assetsDict['/assets.example.js'] ||","            local.fs.readFileSync(__filename, 'utf8');","        local.assetsDict['/assets.npmtest_browser_sync.rollup.js'] =","            local.assetsDict['/assets.npmtest_browser_sync.rollup.js'] ||","            local.fs.readFileSync(","                // buildCustomOrg-hack","                local.npmtest_browser_sync.__dirname +","                    '/lib.npmtest_browser_sync.js',","                'utf8'","            ).replace((/^#!/), '//');","        local.assetsDict['/favicon.ico'] = local.assetsDict['/favicon.ico'] || '';","        // if $npm_config_timeout_exit exists,","        // then exit this process after $npm_config_timeout_exit ms","        if (Number(process.env.npm_config_timeout_exit)) {","            setTimeout(process.exit, Number(process.env.npm_config_timeout_exit));","        }","        // start server","        if (local.global.utility2_serverHttp1) {","            break;","        }","        process.env.PORT = process.env.PORT || '8081';","        console.error('server starting on port ' + process.env.PORT);","        local.http.createServer(function (request, response) {","            request.urlParsed = local.url.parse(request.url);","            if (local.assetsDict[request.urlParsed.pathname] !== undefined) {","                response.end(local.assetsDict[request.urlParsed.pathname]);","                return;","            }","            response.statusCode = 404;","            response.end();","        }).listen(process.env.PORT);","        break;","    }","}());",""],"l":{"26":2,"28":2,"33":2,"35":2,"37":2,"38":2,"39":2,"44":1,"51":2,"55":2,"59":2,"61":2,"69":1,"70":2,"76":2,"79":2,"82":2,"83":2,"85":1,"89":2,"92":1,"93":1,"94":1,"96":1,"97":1,"100":1,"101":1,"103":1,"106":1,"108":2,"114":1,"116":1,"118":1,"123":1,"124":2,"125":2,"126":2,"127":2,"128":2,"129":2,"130":1,"133":2,"134":2,"139":2,"143":1,"144":3,"145":1,"149":1,"150":1,"158":1,"160":1,"161":1,"162":1,"164":1,"166":1,"258":1,"259":1,"271":1,"274":6,"275":6,"277":1,"279":2,"281":1,"283":2,"288":1,"289":1,"291":1,"294":1,"302":1,"305":1,"306":1,"309":1,"310":1,"312":1,"313":1,"314":1,"315":1,"316":1,"317":1,"318":1,"320":1,"321":1,"323":1}},"/home/travis/build/npmtest/node-npmtest-browser-sync/node_modules/browser-sync/index.js":{"path":"/home/travis/build/npmtest/node-npmtest-browser-sync/node_modules/browser-sync/index.js","s":{"1":1,"2":1,"3":1,"4":1,"5":1,"6":1,"7":1,"8":1,"9":1,"10":1,"11":1,"12":1,"13":1,"14":0,"15":0,"16":0,"17":0,"18":1,"19":0,"20":0,"21":0,"22":0,"23":1,"24":1,"25":0,"26":0,"27":1,"28":1,"29":1,"30":1,"31":1,"32":1,"33":1,"34":1,"35":0,"36":0,"37":0,"38":0,"39":1,"40":0,"41":0,"42":0,"43":1,"44":0,"45":0,"46":0,"47":0,"48":1,"49":7,"50":0,"51":0,"52":0,"53":0,"54":0,"55":1,"56":0,"57":0,"58":0,"59":0,"60":0,"61":0,"62":0,"63":0,"64":0,"65":0,"66":0,"67":0,"68":0,"69":0,"70":1,"71":0,"72":0,"73":0,"74":0,"75":1,"76":0,"77":0,"78":0,"79":0,"80":0,"81":0,"82":1,"83":0,"84":0,"85":0,"86":0,"87":0,"88":0,"89":0,"90":0,"91":0,"92":0,"93":0,"94":0,"95":0,"96":0,"97":0,"98":0,"99":1,"100":0,"101":0,"102":0,"103":0,"104":0,"105":0,"106":1},"b":{"1":[0,0],"2":[0,0],"3":[0,0],"4":[0,0],"5":[0,0],"6":[0,0],"7":[0,0],"8":[0,0],"9":[0,0],"10":[0,0],"11":[0,0],"12":[0,0],"13":[0,0],"14":[0,0],"15":[0,0]},"f":{"1":0,"2":0,"3":0,"4":0,"5":0,"6":0,"7":7,"8":0,"9":0,"10":0,"11":0,"12":0,"13":0,"14":0,"15":0,"16":0,"17":0,"18":0,"19":0,"20":0,"21":0,"22":0},"fnMap":{"1":{"name":"(anonymous_1)","line":41,"loc":{"start":{"line":41,"column":21},"end":{"line":41,"column":37}}},"2":{"name":"(anonymous_2)","line":55,"loc":{"start":{"line":55,"column":21},"end":{"line":55,"column":37}}},"3":{"name":"(anonymous_3)","line":84,"loc":{"start":{"line":84,"column":25},"end":{"line":84,"column":37}}},"4":{"name":"(anonymous_4)","line":161,"loc":{"start":{"line":161,"column":13},"end":{"line":161,"column":25}}},"5":{"name":"newEmitter","line":191,"loc":{"start":{"line":191,"column":0},"end":{"line":191,"column":22}}},"6":{"name":"getSingletonEmitter","line":201,"loc":{"start":{"line":201,"column":0},"end":{"line":201,"column":31}}},"7":{"name":"noop","line":215,"loc":{"start":{"line":215,"column":0},"end":{"line":215,"column":20}}},"8":{"name":"(anonymous_8)","line":216,"loc":{"start":{"line":216,"column":11},"end":{"line":216,"column":23}}},"9":{"name":"initSingleton","line":235,"loc":{"start":{"line":235,"column":0},"end":{"line":235,"column":25}}},"10":{"name":"(anonymous_10)","line":238,"loc":{"start":{"line":238,"column":36},"end":{"line":238,"column":52}}},"11":{"name":"(anonymous_11)","line":250,"loc":{"start":{"line":250,"column":33},"end":{"line":250,"column":48}}},"12":{"name":"getSingletonValue","line":263,"loc":{"start":{"line":263,"column":0},"end":{"line":263,"column":33}}},"13":{"name":"getSingle","line":276,"loc":{"start":{"line":276,"column":0},"end":{"line":276,"column":25}}},"14":{"name":"(anonymous_14)","line":278,"loc":{"start":{"line":278,"column":37},"end":{"line":278,"column":53}}},"15":{"name":"create","line":294,"loc":{"start":{"line":294,"column":0},"end":{"line":294,"column":31}}},"16":{"name":"(anonymous_16)","line":321,"loc":{"start":{"line":321,"column":13},"end":{"line":321,"column":25}}},"17":{"name":"(anonymous_17)","line":327,"loc":{"start":{"line":327,"column":13},"end":{"line":327,"column":25}}},"18":{"name":"(anonymous_18)","line":338,"loc":{"start":{"line":338,"column":13},"end":{"line":338,"column":25}}},"19":{"name":"(anonymous_19)","line":341,"loc":{"start":{"line":341,"column":26},"end":{"line":341,"column":38}}},"20":{"name":"(anonymous_20)","line":342,"loc":{"start":{"line":342,"column":24},"end":{"line":342,"column":36}}},"21":{"name":"(anonymous_21)","line":359,"loc":{"start":{"line":359,"column":23},"end":{"line":359,"column":35}}},"22":{"name":"(anonymous_22)","line":360,"loc":{"start":{"line":360,"column":22},"end":{"line":360,"column":38}}}},"statementMap":{"1":{"start":{"line":7,"column":0},"end":{"line":7,"column":46}},"2":{"start":{"line":8,"column":0},"end":{"line":8,"column":50}},"3":{"start":{"line":9,"column":0},"end":{"line":9,"column":57}},"4":{"start":{"line":10,"column":0},"end":{"line":10,"column":38}},"5":{"start":{"line":11,"column":0},"end":{"line":11,"column":50}},"6":{"start":{"line":12,"column":0},"end":{"line":14,"column":3}},"7":{"start":{"line":16,"column":0},"end":{"line":16,"column":29}},"8":{"start":{"line":17,"column":0},"end":{"line":17,"column":26}},"9":{"start":{"line":18,"column":0},"end":{"line":18,"column":26}},"10":{"start":{"line":23,"column":0},"end":{"line":23,"column":29}},"11":{"start":{"line":25,"column":0},"end":{"line":25,"column":39}},"12":{"start":{"line":32,"column":0},"end":{"line":32,"column":34}},"13":{"start":{"line":41,"column":0},"end":{"line":47,"column":2}},"14":{"start":{"line":42,"column":4},"end":{"line":42,"column":35}},"15":{"start":{"line":43,"column":4},"end":{"line":45,"column":5}},"16":{"start":{"line":44,"column":8},"end":{"line":44,"column":24}},"17":{"start":{"line":46,"column":4},"end":{"line":46,"column":89}},"18":{"start":{"line":55,"column":0},"end":{"line":61,"column":2}},"19":{"start":{"line":56,"column":4},"end":{"line":56,"column":35}},"20":{"start":{"line":57,"column":4},"end":{"line":59,"column":5}},"21":{"start":{"line":58,"column":8},"end":{"line":58,"column":20}},"22":{"start":{"line":60,"column":4},"end":{"line":60,"column":17}},"23":{"start":{"line":73,"column":0},"end":{"line":73,"column":39}},"24":{"start":{"line":84,"column":0},"end":{"line":89,"column":2}},"25":{"start":{"line":85,"column":4},"end":{"line":85,"column":53}},"26":{"start":{"line":86,"column":4},"end":{"line":88,"column":7}},"27":{"start":{"line":98,"column":0},"end":{"line":98,"column":40}},"28":{"start":{"line":108,"column":0},"end":{"line":108,"column":40}},"29":{"start":{"line":117,"column":0},"end":{"line":117,"column":40}},"30":{"start":{"line":124,"column":0},"end":{"line":124,"column":38}},"31":{"start":{"line":134,"column":0},"end":{"line":134,"column":39}},"32":{"start":{"line":141,"column":0},"end":{"line":141,"column":39}},"33":{"start":{"line":148,"column":0},"end":{"line":148,"column":40}},"34":{"start":{"line":153,"column":0},"end":{"line":185,"column":3}},"35":{"start":{"line":162,"column":12},"end":{"line":165,"column":13}},"36":{"start":{"line":163,"column":16},"end":{"line":163,"column":48}},"37":{"start":{"line":164,"column":16},"end":{"line":164,"column":40}},"38":{"start":{"line":166,"column":12},"end":{"line":166,"column":36}},"39":{"start":{"line":191,"column":0},"end":{"line":195,"column":1}},"40":{"start":{"line":192,"column":4},"end":{"line":192,"column":44}},"41":{"start":{"line":193,"column":4},"end":{"line":193,"column":32}},"42":{"start":{"line":194,"column":4},"end":{"line":194,"column":19}},"43":{"start":{"line":201,"column":0},"end":{"line":207,"column":1}},"44":{"start":{"line":202,"column":4},"end":{"line":204,"column":5}},"45":{"start":{"line":203,"column":8},"end":{"line":203,"column":32}},"46":{"start":{"line":205,"column":4},"end":{"line":205,"column":36}},"47":{"start":{"line":206,"column":4},"end":{"line":206,"column":28}},"48":{"start":{"line":215,"column":0},"end":{"line":226,"column":1}},"49":{"start":{"line":216,"column":4},"end":{"line":225,"column":6}},"50":{"start":{"line":217,"column":8},"end":{"line":217,"column":57}},"51":{"start":{"line":218,"column":8},"end":{"line":224,"column":9}},"52":{"start":{"line":219,"column":12},"end":{"line":219,"column":58}},"53":{"start":{"line":221,"column":12},"end":{"line":223,"column":13}},"54":{"start":{"line":222,"column":16},"end":{"line":222,"column":59}},"55":{"start":{"line":235,"column":0},"end":{"line":257,"column":1}},"56":{"start":{"line":236,"column":4},"end":{"line":236,"column":17}},"57":{"start":{"line":237,"column":4},"end":{"line":245,"column":5}},"58":{"start":{"line":238,"column":8},"end":{"line":240,"column":11}},"59":{"start":{"line":239,"column":12},"end":{"line":239,"column":45}},"60":{"start":{"line":241,"column":8},"end":{"line":244,"column":9}},"61":{"start":{"line":242,"column":12},"end":{"line":242,"column":143}},"62":{"start":{"line":243,"column":12},"end":{"line":243,"column":28}},"63":{"start":{"line":246,"column":4},"end":{"line":246,"column":53}},"64":{"start":{"line":247,"column":4},"end":{"line":247,"column":59}},"65":{"start":{"line":249,"column":4},"end":{"line":253,"column":5}},"66":{"start":{"line":250,"column":8},"end":{"line":252,"column":11}},"67":{"start":{"line":251,"column":12},"end":{"line":251,"column":82}},"68":{"start":{"line":255,"column":4},"end":{"line":255,"column":37}},"69":{"start":{"line":256,"column":4},"end":{"line":256,"column":21}},"70":{"start":{"line":263,"column":0},"end":{"line":269,"column":1}},"71":{"start":{"line":264,"column":4},"end":{"line":264,"column":40}},"72":{"start":{"line":265,"column":4},"end":{"line":267,"column":5}},"73":{"start":{"line":266,"column":8},"end":{"line":266,"column":28}},"74":{"start":{"line":268,"column":4},"end":{"line":268,"column":17}},"75":{"start":{"line":276,"column":0},"end":{"line":286,"column":1}},"76":{"start":{"line":277,"column":4},"end":{"line":284,"column":5}},"77":{"start":{"line":278,"column":8},"end":{"line":280,"column":11}},"78":{"start":{"line":279,"column":12},"end":{"line":279,"column":38}},"79":{"start":{"line":281,"column":8},"end":{"line":283,"column":9}},"80":{"start":{"line":282,"column":12},"end":{"line":282,"column":28}},"81":{"start":{"line":285,"column":4},"end":{"line":285,"column":17}},"82":{"start":{"line":294,"column":0},"end":{"line":353,"column":1}},"83":{"start":{"line":296,"column":4},"end":{"line":296,"column":46}},"84":{"start":{"line":297,"column":4},"end":{"line":297,"column":38}},"85":{"start":{"line":299,"column":4},"end":{"line":299,"column":47}},"86":{"start":{"line":301,"column":4},"end":{"line":315,"column":6}},"87":{"start":{"line":317,"column":4},"end":{"line":317,"column":42}},"88":{"start":{"line":318,"column":4},"end":{"line":318,"column":75}},"89":{"start":{"line":320,"column":4},"end":{"line":324,"column":7}},"90":{"start":{"line":322,"column":12},"end":{"line":322,"column":38}},"91":{"start":{"line":326,"column":4},"end":{"line":330,"column":7}},"92":{"start":{"line":328,"column":12},"end":{"line":328,"column":38}},"93":{"start":{"line":337,"column":4},"end":{"line":348,"column":7}},"94":{"start":{"line":339,"column":12},"end":{"line":346,"column":13}},"95":{"start":{"line":340,"column":16},"end":{"line":343,"column":18}},"96":{"start":{"line":345,"column":16},"end":{"line":345,"column":46}},"97":{"start":{"line":350,"column":4},"end":{"line":350,"column":29}},"98":{"start":{"line":352,"column":4},"end":{"line":352,"column":20}},"99":{"start":{"line":359,"column":0},"end":{"line":367,"column":2}},"100":{"start":{"line":360,"column":4},"end":{"line":362,"column":7}},"101":{"start":{"line":361,"column":8},"end":{"line":361,"column":23}},"102":{"start":{"line":363,"column":4},"end":{"line":363,"column":26}},"103":{"start":{"line":364,"column":4},"end":{"line":364,"column":26}},"104":{"start":{"line":365,"column":4},"end":{"line":365,"column":29}},"105":{"start":{"line":366,"column":4},"end":{"line":366,"column":29}},"106":{"start":{"line":372,"column":0},"end":{"line":372,"column":37}}},"branchMap":{"1":{"line":43,"type":"if","locations":[{"start":{"line":43,"column":4},"end":{"line":43,"column":4}},{"start":{"line":43,"column":4},"end":{"line":43,"column":4}}]},"2":{"line":57,"type":"if","locations":[{"start":{"line":57,"column":4},"end":{"line":57,"column":4}},{"start":{"line":57,"column":4},"end":{"line":57,"column":4}}]},"3":{"line":162,"type":"if","locations":[{"start":{"line":162,"column":12},"end":{"line":162,"column":12}},{"start":{"line":162,"column":12},"end":{"line":162,"column":12}}]},"4":{"line":202,"type":"if","locations":[{"start":{"line":202,"column":4},"end":{"line":202,"column":4}},{"start":{"line":202,"column":4},"end":{"line":202,"column":4}}]},"5":{"line":218,"type":"if","locations":[{"start":{"line":218,"column":8},"end":{"line":218,"column":8}},{"start":{"line":218,"column":8},"end":{"line":218,"column":8}}]},"6":{"line":221,"type":"if","locations":[{"start":{"line":221,"column":12},"end":{"line":221,"column":12}},{"start":{"line":221,"column":12},"end":{"line":221,"column":12}}]},"7":{"line":237,"type":"if","locations":[{"start":{"line":237,"column":4},"end":{"line":237,"column":4}},{"start":{"line":237,"column":4},"end":{"line":237,"column":4}}]},"8":{"line":241,"type":"if","locations":[{"start":{"line":241,"column":8},"end":{"line":241,"column":8}},{"start":{"line":241,"column":8},"end":{"line":241,"column":8}}]},"9":{"line":249,"type":"if","locations":[{"start":{"line":249,"column":4},"end":{"line":249,"column":4}},{"start":{"line":249,"column":4},"end":{"line":249,"column":4}}]},"10":{"line":265,"type":"if","locations":[{"start":{"line":265,"column":4},"end":{"line":265,"column":4}},{"start":{"line":265,"column":4},"end":{"line":265,"column":4}}]},"11":{"line":277,"type":"if","locations":[{"start":{"line":277,"column":4},"end":{"line":277,"column":4}},{"start":{"line":277,"column":4},"end":{"line":277,"column":4}}]},"12":{"line":281,"type":"if","locations":[{"start":{"line":281,"column":8},"end":{"line":281,"column":8}},{"start":{"line":281,"column":8},"end":{"line":281,"column":8}}]},"13":{"line":296,"type":"binary-expr","locations":[{"start":{"line":296,"column":14},"end":{"line":296,"column":18}},{"start":{"line":296,"column":25},"end":{"line":296,"column":45}}]},"14":{"line":297,"type":"binary-expr","locations":[{"start":{"line":297,"column":14},"end":{"line":297,"column":21}},{"start":{"line":297,"column":25},"end":{"line":297,"column":37}}]},"15":{"line":339,"type":"if","locations":[{"start":{"line":339,"column":12},"end":{"line":339,"column":12}},{"start":{"line":339,"column":12},"end":{"line":339,"column":12}}]}},"code":["//#! /usr/bin/env node","\"use strict\";","","/**"," * @module BrowserSync"," */","var pjson         = require(\"./package.json\");","var BrowserSync   = require(\"./lib/browser-sync\");","var publicUtils   = require(\"./lib/public/public-utils\");","var events        = require(\"events\");","var PassThrough   = require(\"stream\").PassThrough;","var logger        = require(\"eazy-logger\").Logger({","    useLevelPrefixes: true","});","","var singleton        = false;","var singletonPlugins = [];","var instances        = [];","","/**"," * @type {boolean|EventEmitter}"," */","var singletonEmitter = false;","","module.exports         = initSingleton;","","/**"," * Create a Browsersync instance"," * @method create"," * @param {String} name an identifier that can used for retrieval later"," */","module.exports.create    = create;","","/**"," * Get a single instance by name. This is useful if you have your"," * build scripts in separate files"," * @method get"," * @param {String} name"," * @returns {Object|Boolean}"," */","module.exports.get = function (name) {","    var instance = getSingle(name);","    if (instance) {","        return instance;","    }","    throw new Error(\"An instance with the name `%s` was not found.\".replace(\"%s\", name));","};","","/**"," * Check if an instance has been created."," * @method has"," * @param {String} name"," * @returns {Boolean}"," */","module.exports.has = function (name) {","    var instance = getSingle(name);","    if (instance) {","        return true;","    }","    return false;","};","","/**"," * Start the Browsersync service. This will launch a server, proxy or start the snippet"," * mode depending on your use-case."," * @method init"," * @param {Object} [config] This is the main configuration for your Browsersync instance and can contain any of the [available options]({{site.links.options}})"," *  If you do not pass a config an argument for configuration, Browsersync will still run; but it will be in the `snippet` mode"," * @param {Function} [cb] If you pass a callback function, it will be called when Browsersync has completed all setup tasks and is ready to use. This"," * is useful when you need to wait for information (for example: urls, port etc) or perform other tasks synchronously."," * @returns {BrowserSync}"," */","module.exports.init    = initSingleton;","","/**"," * Register a plugin. Must implement at least a 'plugin' method that returns a"," * callable function."," *"," * @method use"," * @param {String} name The name of the plugin"," * @param {Object} module The object to be `required`."," * @param {Function} [cb] A callback function that will return any errors."," */","module.exports.use     = function () {","    var args = Array.prototype.slice.call(arguments);","    singletonPlugins.push({","        args: args","    });","};","","/**"," * The `reload` method will inform all browsers about changed files and will either cause the browser to refresh, or inject the files where possible."," *"," * @method reload"," * @param {String|Array|Object} [arg] The file or files to be reloaded."," * @returns {*}"," */","module.exports.reload  = noop(\"reload\");","","/**"," * The `stream` method returns a transform stream and can act once or on many files."," *"," * @method stream"," * @param {Object} [opts] Configuration for the stream method"," * @since 2.6.0"," * @returns {*}"," */","module.exports.stream  = noop(\"stream\");","","/**"," * Helper method for browser notifications"," *"," * @method notify"," * @param {String|HTML} msg Can be a simple message such as 'Connected' or HTML"," * @param {Number} [timeout] How long the message will remain in the browser. @since 1.3.0"," */","module.exports.notify  = noop(\"notify\");","","/**"," * This method will close any running server, stop file watching & exit the current process."," *"," * @method exit"," */","module.exports.exit    = noop(\"exit\");","","/**"," * Stand alone file-watcher. Use this along with Browsersync to create your own, minimal build system"," * @method watch"," * @param {string} patterns Glob patterns for files to watch"," * @param {object} [opts] Options to be passed to Chokidar - check what's available in [their docs](https://github.com/paulmillr/chokidar#getting-started)"," * @param {function} [fn] Callback function for each event."," * @since 2.6.0"," */","module.exports.watch   = noop(\"watch\");","","/**"," * Method to pause file change events"," *"," * @method pause"," */","module.exports.pause   = noop(\"pause\");","","/**"," * Method to resume paused watchers"," *"," * @method resume"," */","module.exports.resume  = noop(\"resume\");","","/**"," * Add properties fo"," */","Object.defineProperties(module.exports, {","    /**","     * The internal Event Emitter used by the running Browsersync instance (if there is one).","     * You can use this to emit your own events, such as changed files, logging etc.","     *","     * @property emitter","     */","    \"emitter\": {","        get: function () {","            if (!singletonEmitter) {","                singletonEmitter = newEmitter();","                return singletonEmitter;","            }","            return singletonEmitter;","        }","    },","    /**","     * A simple true/false flag that you can use to determine if there's a currently-running Browsersync instance.","     *","     * @property active","     */","    \"active\": {","        get: getSingletonValue.bind(null, \"active\")","    },","    /**","     * A simple true/false flag to determine if the current instance is paused","     *","     * @property paused","     */","    \"paused\": {","        get: getSingletonValue.bind(null, \"paused\")","    }","});","","/**"," * Event emitter factory"," * @returns {EventEmitter}"," */","function newEmitter() {","    var emitter = new events.EventEmitter();","    emitter.setMaxListeners(20);","    return emitter;","}","","/**"," * Get the singleton's emitter, or a new one."," * @returns {EventEmitter}"," */","function getSingletonEmitter() {","    if (singletonEmitter) {","        return singletonEmitter;","    }","    singletonEmitter = newEmitter();","    return singletonEmitter;","}","","/**"," * Helper to allow methods to be called on the module export"," * before there's a running instance"," * @param {String} name"," * @returns {Function}"," */","function noop(name) {","    return function () {","        var args = Array.prototype.slice.call(arguments);","        if (singleton) {","            return singleton[name].apply(singleton, args);","        } else {","            if (publicUtils.isStreamArg(name, args)) {","                return new PassThrough({objectMode: true});","            }","        }","    };","}","","/**"," * Create a single instance when module export is used directly via browserSync({});"," * This is mostly for back-compatibility, for also for the nicer api."," * This will never be removed to ensure we never break user-land, but"," * we should discourage it's use."," * @returns {*}"," */","function initSingleton() {","    var instance;","    if (instances.length) {","        instance = instances.filter(function (item) {","            return item.name === \"singleton\";","        });","        if (instance.length) {","            logger.error(\"{yellow:You tried to start Browsersync twice!} To create multiple instances, use {cyan:browserSync.create().init()\");","            return instance;","        }","    }","    var args = Array.prototype.slice.call(arguments);","    singleton = create(\"singleton\", getSingletonEmitter());","","    if (singletonPlugins.length) {","        singletonPlugins.forEach(function (obj) {","            singleton.instance.registerPlugin.apply(singleton.instance, obj.args);","        });","    }","","    singleton.init.apply(null, args);","    return singleton;","}","","/**"," * @param {String} prop"," * @returns {Object|Boolean}"," */","function getSingletonValue(prop) {","    var single = getSingle(\"singleton\");","    if (single) {","        return single[prop];","    }","    return false;","}","","/**"," * Get a single instance by name"," * @param {String} name"," * @returns {Object|Boolean}"," */","function getSingle(name) {","    if (instances.length) {","        var match = instances.filter(function (item) {","            return item.name === name;","        });","        if (match.length) {","            return match[0];","        }","    }","    return false;","}","","/**"," * Create an instance of Browsersync"," * @param {String} [name]"," * @param {EventEmitter} [emitter]"," * @returns {{init: *, exit: (exit|exports), notify: *, reload: *, cleanup: *, emitter: (Browsersync.events|*), use: *}}"," */","function create(name, emitter) {","","    name    = name    || new Date().getTime();","    emitter = emitter || newEmitter();","","    var browserSync = new BrowserSync(emitter);","","    var instance = {","        name:      name,","        instance:  browserSync,","        exit:      require(\"./lib/public/exit\")(browserSync),","        notify:    require(\"./lib/public/notify\")(browserSync),","        pause:     require(\"./lib/public/pause\")(browserSync),","        resume:    require(\"./lib/public/resume\")(browserSync),","        reload:    require(\"./lib/public/reload\")(emitter),","        stream:    require(\"./lib/public/stream\")(emitter),","        cleanup:   browserSync.cleanup.bind(browserSync),","        use:       browserSync.registerPlugin.bind(browserSync),","        getOption: browserSync.getOption.bind(browserSync),","        emitter:   browserSync.events,","        watch:     require(\"./lib/file-watcher\").watch","    };","","    browserSync.publicInstance = instance;","    instance.init = require(\"./lib/public/init\")(browserSync, name, pjson);","","    Object.defineProperty(instance, \"active\", {","        get: function () {","            return browserSync.active;","        }","    });","","    Object.defineProperty(instance, \"paused\", {","        get: function () {","            return browserSync.paused;","        }","    });","","    /**","     * Access to client-side socket for emitting events","     *","     * @property sockets","     */","    Object.defineProperty(instance, \"sockets\", {","        get: function () {","            if (!browserSync.active) {","                return {","                    emit: function () {},","                    on: function () {}","                };","            } else {","                return browserSync.io.sockets;","            }","        }","    });","","    instances.push(instance);","","    return instance;","}","","/**"," * Reset the state of the module."," * (should only be needed for test environments)"," */","module.exports.reset = function () {","    instances.forEach(function (item) {","        item.cleanup();","    });","    instances        = [];","    singletonPlugins = [];","    singletonEmitter = false;","    singleton        = false;","};","","/**"," * @type {Array}"," */","module.exports.instances = instances;",""],"l":{"7":1,"8":1,"9":1,"10":1,"11":1,"12":1,"16":1,"17":1,"18":1,"23":1,"25":1,"32":1,"41":1,"42":0,"43":0,"44":0,"46":0,"55":1,"56":0,"57":0,"58":0,"60":0,"73":1,"84":1,"85":0,"86":0,"98":1,"108":1,"117":1,"124":1,"134":1,"141":1,"148":1,"153":1,"162":0,"163":0,"164":0,"166":0,"191":1,"192":0,"193":0,"194":0,"201":1,"202":0,"203":0,"205":0,"206":0,"215":1,"216":7,"217":0,"218":0,"219":0,"221":0,"222":0,"235":1,"236":0,"237":0,"238":0,"239":0,"241":0,"242":0,"243":0,"246":0,"247":0,"249":0,"250":0,"251":0,"255":0,"256":0,"263":1,"264":0,"265":0,"266":0,"268":0,"276":1,"277":0,"278":0,"279":0,"281":0,"282":0,"285":0,"294":1,"296":0,"297":0,"299":0,"301":0,"317":0,"318":0,"320":0,"322":0,"326":0,"328":0,"337":0,"339":0,"340":0,"345":0,"350":0,"352":0,"359":1,"360":0,"361":0,"363":0,"364":0,"365":0,"366":0,"372":1}},"/home/travis/build/npmtest/node-npmtest-browser-sync/node_modules/browser-sync/lib/browser-sync.js":{"path":"/home/travis/build/npmtest/node-npmtest-browser-sync/node_modules/browser-sync/lib/browser-sync.js","s":{"1":1,"2":1,"3":1,"4":1,"5":1,"6":1,"7":1,"8":1,"9":1,"10":1,"11":1,"12":0,"13":0,"14":0,"15":0,"16":0,"17":0,"18":0,"19":0,"20":0,"21":0,"22":0,"23":0,"24":1,"25":0,"26":0,"27":0,"28":0,"29":1,"30":0,"31":0,"32":0,"33":0,"34":0,"35":0,"36":0,"37":0,"38":0,"39":0,"40":0,"41":0,"42":1,"43":0,"44":0,"45":0,"46":1,"47":0,"48":0,"49":0,"50":0,"51":0,"52":0,"53":1,"54":0,"55":0,"56":0,"57":0,"58":0,"59":0,"60":0,"61":0,"62":1,"63":0,"64":0,"65":0,"66":0,"67":0,"68":0,"69":0,"70":1,"71":0,"72":0,"73":0,"74":0,"75":0,"76":0,"77":0,"78":0,"79":1,"80":0,"81":0,"82":0,"83":0,"84":1,"85":0,"86":0,"87":0,"88":0,"89":0,"90":0,"91":1,"92":0,"93":0,"94":0,"95":0,"96":0,"97":0,"98":1,"99":0,"100":0,"101":0,"102":0,"103":0,"104":1,"105":1,"106":0,"107":0,"108":0,"109":0,"110":0,"111":0,"112":1,"113":0,"114":0,"115":0,"116":0,"117":1,"118":1,"119":0,"120":0,"121":0,"122":0,"123":0,"124":0,"125":0,"126":0,"127":0,"128":0,"129":0,"130":0,"131":0,"132":0,"133":0,"134":0,"135":1,"136":0,"137":0,"138":0,"139":0,"140":0,"141":0,"142":0,"143":1,"144":0,"145":0,"146":0,"147":0,"148":1,"149":0,"150":0,"151":0,"152":0,"153":0,"154":1,"155":0,"156":1,"157":0,"158":0,"159":1,"160":0,"161":0,"162":1,"163":0,"164":1,"165":1,"166":0,"167":0,"168":0,"169":0,"170":0,"171":0,"172":0,"173":1,"174":0,"175":0,"176":0,"177":0,"178":0,"179":0,"180":0,"181":1,"182":0,"183":0,"184":0,"185":0,"186":0,"187":0,"188":0,"189":1,"190":0,"191":0,"192":0,"193":0,"194":1,"195":0,"196":0,"197":0,"198":0,"199":0,"200":1,"201":0,"202":0,"203":0,"204":0,"205":1,"206":0,"207":0,"208":0,"209":1,"210":0,"211":1,"212":0,"213":0,"214":0,"215":0,"216":0,"217":0,"218":0,"219":0,"220":0,"221":0,"222":0,"223":0,"224":0,"225":0,"226":0,"227":0,"228":0,"229":0,"230":0,"231":0,"232":0,"233":0,"234":0,"235":0,"236":0,"237":0,"238":1},"b":{"1":[0,0],"2":[0,0],"3":[0,0],"4":[0,0],"5":[0,0],"6":[0,0],"7":[0,0],"8":[0,0],"9":[0,0],"10":[0,0],"11":[0,0],"12":[0,0],"13":[0,0],"14":[0,0],"15":[0,0],"16":[0,0],"17":[0,0],"18":[0,0],"19":[0,0],"20":[0,0],"21":[0,0],"22":[0,0],"23":[0,0],"24":[0,0],"25":[0,0],"26":[0,0],"27":[0,0],"28":[0,0],"29":[0,0],"30":[0,0],"31":[0,0],"32":[0,0],"33":[0,0],"34":[0,0],"35":[0,0]},"f":{"1":0,"2":0,"3":0,"4":0,"5":0,"6":0,"7":0,"8":0,"9":0,"10":0,"11":0,"12":0,"13":0,"14":0,"15":0,"16":0,"17":0,"18":0,"19":0,"20":0,"21":0,"22":0,"23":0,"24":0,"25":0,"26":0,"27":0,"28":0,"29":0,"30":0,"31":0,"32":0,"33":0,"34":0,"35":0,"36":0,"37":0,"38":0,"39":0,"40":0,"41":0,"42":0,"43":0,"44":0,"45":0,"46":0,"47":0,"48":0,"49":0,"50":0,"51":0,"52":0,"53":0,"54":0,"55":0},"fnMap":{"1":{"name":"(anonymous_1)","line":32,"loc":{"start":{"line":32,"column":18},"end":{"line":32,"column":37}}},"2":{"name":"(anonymous_2)","line":56,"loc":{"start":{"line":56,"column":33},"end":{"line":56,"column":49}}},"3":{"name":"(anonymous_3)","line":71,"loc":{"start":{"line":71,"column":29},"end":{"line":71,"column":52}}},"4":{"name":"taskRunner","line":140,"loc":{"start":{"line":140,"column":0},"end":{"line":140,"column":25}}},"5":{"name":"(anonymous_5)","line":142,"loc":{"start":{"line":142,"column":11},"end":{"line":142,"column":31}}},"6":{"name":"executeTask","line":151,"loc":{"start":{"line":151,"column":8},"end":{"line":151,"column":39}}},"7":{"name":"handleOut","line":179,"loc":{"start":{"line":179,"column":0},"end":{"line":179,"column":29}}},"8":{"name":"(anonymous_8)","line":191,"loc":{"start":{"line":191,"column":30},"end":{"line":191,"column":46}}},"9":{"name":"(anonymous_9)","line":200,"loc":{"start":{"line":200,"column":42},"end":{"line":200,"column":57}}},"10":{"name":"setOptions","line":211,"loc":{"start":{"line":211,"column":0},"end":{"line":211,"column":34}}},"11":{"name":"(anonymous_11)","line":218,"loc":{"start":{"line":218,"column":19},"end":{"line":218,"column":35}}},"12":{"name":"(anonymous_12)","line":219,"loc":{"start":{"line":219,"column":41},"end":{"line":219,"column":56}}},"13":{"name":"(anonymous_13)","line":225,"loc":{"start":{"line":225,"column":37},"end":{"line":225,"column":52}}},"14":{"name":"tasksComplete","line":236,"loc":{"start":{"line":236,"column":0},"end":{"line":236,"column":28}}},"15":{"name":"(anonymous_15)","line":238,"loc":{"start":{"line":238,"column":11},"end":{"line":238,"column":26}}},"16":{"name":"(anonymous_16)","line":287,"loc":{"start":{"line":287,"column":39},"end":{"line":287,"column":67}}},"17":{"name":"(anonymous_17)","line":302,"loc":{"start":{"line":302,"column":38},"end":{"line":302,"column":54}}},"18":{"name":"(anonymous_18)","line":306,"loc":{"start":{"line":306,"column":34},"end":{"line":306,"column":50}}},"19":{"name":"(anonymous_19)","line":320,"loc":{"start":{"line":320,"column":39},"end":{"line":320,"column":57}}},"20":{"name":"(anonymous_20)","line":324,"loc":{"start":{"line":324,"column":23},"end":{"line":324,"column":35}}},"21":{"name":"(anonymous_21)","line":331,"loc":{"start":{"line":331,"column":56},"end":{"line":331,"column":74}}},"22":{"name":"(anonymous_22)","
[...]
line":62,"column":20},"end":{"line":65,"column":23}},"24":{"start":{"line":67,"column":20},"end":{"line":67,"column":56}},"25":{"start":{"line":69,"column":20},"end":{"line":69,"column":40}},"26":{"start":{"line":79,"column":12},"end":{"line":100,"column":13}},"27":{"start":{"line":81,"column":16},"end":{"line":81,"column":44}},"28":{"start":{"line":83,"column":16},"end":{"line":87,"column":18}},"29":{"start":{"line":89,"column":16},"end":{"line":93,"column":17}},"30":{"start":{"line":90,"column":20},"end":{"line":90,"column":108}},"31":{"start":{"line":91,"column":20},"end":{"line":91,"column":46}},"32":{"start":{"line":92,"column":20},"end":{"line":92,"column":47}},"33":{"start":{"line":95,"column":16},"end":{"line":95,"column":65}},"34":{"start":{"line":96,"column":16},"end":{"line":96,"column":55}},"35":{"start":{"line":97,"column":16},"end":{"line":97,"column":41}},"36":{"start":{"line":99,"column":16},"end":{"line":99,"column":39}},"37":{"start":{"line":105,"column":12},"end":{"line":111,"column":15}},"38":{"start":{"line":106,"column":16},"end":{"line":110,"column":17}},"39":{"start":{"line":107,"column":20},"end":{"line":107,"column":47}},"40":{"start":{"line":109,"column":20},"end":{"line":109,"column":47}},"41":{"start":{"line":117,"column":12},"end":{"line":123,"column":13}},"42":{"start":{"line":118,"column":16},"end":{"line":118,"column":48}},"43":{"start":{"line":119,"column":16},"end":{"line":121,"column":19}},"44":{"start":{"line":120,"column":20},"end":{"line":120,"column":83}},"45":{"start":{"line":122,"column":16},"end":{"line":122,"column":45}},"46":{"start":{"line":124,"column":12},"end":{"line":127,"column":15}},"47":{"start":{"line":133,"column":12},"end":{"line":133,"column":45}},"48":{"start":{"line":137,"column":4},"end":{"line":137,"column":19}},"49":{"start":{"line":145,"column":0},"end":{"line":159,"column":1}},"50":{"start":{"line":147,"column":4},"end":{"line":147,"column":21}},"51":{"start":{"line":149,"column":4},"end":{"line":149,"column":56}},"52":{"start":{"line":151,"column":4},"end":{"line":151,"column":84}},"53":{"start":{"line":153,"column":4},"end":{"line":156,"column":5}},"54":{"start":{"line":154,"column":8},"end":{"line":154,"column":64}},"55":{"start":{"line":155,"column":8},"end":{"line":155,"column":89}},"56":{"start":{"line":158,"column":4},"end":{"line":158,"column":32}}},"branchMap":{"1":{"line":24,"type":"if","locations":[{"start":{"line":24,"column":8},"end":{"line":24,"column":8}},{"start":{"line":24,"column":8},"end":{"line":24,"column":8}}]},"2":{"line":24,"type":"binary-expr","locations":[{"start":{"line":24,"column":12},"end":{"line":24,"column":24}},{"start":{"line":24,"column":28},"end":{"line":24,"column":50}}]},"3":{"line":46,"type":"binary-expr","locations":[{"start":{"line":46,"column":24},"end":{"line":46,"column":31}},{"start":{"line":46,"column":35},"end":{"line":46,"column":60}}]},"4":{"line":89,"type":"if","locations":[{"start":{"line":89,"column":16},"end":{"line":89,"column":16}},{"start":{"line":89,"column":16},"end":{"line":89,"column":16}}]},"5":{"line":106,"type":"if","locations":[{"start":{"line":106,"column":16},"end":{"line":106,"column":16}},{"start":{"line":106,"column":16},"end":{"line":106,"column":16}}]},"6":{"line":117,"type":"if","locations":[{"start":{"line":117,"column":12},"end":{"line":117,"column":12}},{"start":{"line":117,"column":12},"end":{"line":117,"column":12}}]},"7":{"line":153,"type":"if","locations":[{"start":{"line":153,"column":4},"end":{"line":153,"column":4}},{"start":{"line":153,"column":4},"end":{"line":153,"column":4}}]}},"code":["var Immutable = require(\"immutable\");","","module.exports.init = function (ui) {","","    var optPath = [\"network-throttle\"];","    var serverOptPath = optPath.concat([\"servers\"]);","    ui.servers  = {};","","    ui.setOptionIn(optPath, Immutable.fromJS({","        name: \"network-throttle\",","        title: \"Network Throttle\",","        active: false,","        targets: require(\"./targets\")","    }));","","    ui.setOptionIn(serverOptPath, Immutable.Map({}));","","    /**","     * @param input","     * @returns {number}","     */","    function getPortArg(input) {","        input = input.trim();","        if (input.length && input.match(/\\d{3,5}/)) {","            input = parseInt(input, 10);","        } else {","            input = ui.bs.options.get(\"port\") + 1;","        }","        return input;","    }","","    /**","     * @returns {string}","     */","    function getTargetUrl() {","        return require(\"url\").parse(ui.bs.options.getIn([\"urls\", \"local\"]));","    }","","    var methods = {","        /**","         * @param data","         */","        \"server:create\": function (data) {","","            data.port = getPortArg(data.port);","            data.cb   = data.cb || function () { /* noop */};","","            /**","             * @param opts","             */","            function saveThrottleInfo (opts) {","","                var urls = getUrls(ui.bs.options.set(\"port\", opts.port).toJS());","","                ui.setOptionIn(serverOptPath.concat([opts.port]), Immutable.fromJS({","                    urls: urls,","                    speed: opts.speed","                }));","","                setTimeout(function () {","","                    ui.socket.emit(\"ui:network-throttle:update\", {","                        servers: ui.getOptionIn(serverOptPath).toJS(),","                        event: \"server:create\"","                    });","","                    ui.servers[opts.port] = opts.server;","","                    data.cb(null, opts);","","                }, 300);","","            }","","            /**","             * @param err","             * @param port","             */","            function createThrottle (err, port) {","","                var target = getTargetUrl();","","                var args = {","                    port: port,","                    target: target,","                    speed: data.speed","                };","","                if (ui.bs.getOption(\"scheme\") === \"https\") {","                    var httpsOpts = require(\"browser-sync/lib/server/utils\").getHttpsOptions(ui.bs.options);","                    args.key  = httpsOpts.key;","                    args.cert = httpsOpts.cert;","                }","","                args.server = require(\"./throttle-server\")(args);","                require('server-destroy')(args.server);","                args.server.listen(port);","","                saveThrottleInfo(args);","            }","","            /**","             * Try for a free port","             */","            ui.bs.utils.portscanner.findAPortNotInUse(data.port, data.port + 100, \"127.0.0.1\", function (err, port) {","                if (err) {","                    return createThrottle(err);","                } else {","                    createThrottle(null, port);","                }","            });","        },","        /**","         * @param data","         */","        \"server:destroy\": function (data) {","            if (ui.servers[data.port]) {","                ui.servers[data.port].destroy();","                ui.setMany(function (item) {","                    item.deleteIn(serverOptPath.concat([parseInt(data.port, 10)]));","                });","                delete ui.servers[data.port];","            }","            ui.socket.emit(\"ui:network-throttle:update\", {","                servers: ui.getOptionIn(serverOptPath).toJS(),","                event: \"server:destroy\"","            });","        },","        /**","         * @param event","         */","        event: function (event) {","            methods[event.event](event.data);","        }","    };","","    return methods;","};","","/**"," * Get local + external urls with a different port"," * @param opts"," * @returns {List<T>|List<any>}"," */","function getUrls (opts) {","","    var list    = [];","","    var bsLocal = require(\"url\").parse(opts.urls.local);","","    list.push([bsLocal.protocol + \"//\", bsLocal.hostname, \":\", opts.port].join(\"\"));","","    if (opts.urls.external) {","        var external = require(\"url\").parse(opts.urls.external);","        list.push([bsLocal.protocol + \"//\", external.hostname, \":\", opts.port].join(\"\"));","    }","","    return Immutable.List(list);","}",""],"l":{"1":1,"3":1,"5":0,"6":0,"7":0,"9":0,"16":0,"22":1,"23":0,"24":0,"25":0,"27":0,"29":0,"35":1,"36":0,"39":0,"45":0,"46":0,"51":1,"53":0,"55":0,"60":0,"62":0,"67":0,"69":0,"79":1,"81":0,"83":0,"89":0,"90":0,"91":0,"92":0,"95":0,"96":0,"97":0,"99":0,"105":0,"106":0,"107":0,"109":0,"117":0,"118":0,"119":0,"120":0,"122":0,"124":0,"133":0,"137":0,"145":1,"147":0,"149":0,"151":0,"153":0,"154":0,"155":0,"158":0}},"/home/travis/build/npmtest/node-npmtest-browser-sync/node_modules/browser-sync/lib/public/public-utils.js":{"path":"/home/travis/build/npmtest/node-npmtest-browser-sync/node_modules/browser-sync/lib/public/public-utils.js","s":{"1":1,"2":1,"3":0,"4":0,"5":0,"6":0,"7":0,"8":0,"9":0,"10":0,"11":0,"12":0,"13":0,"14":0},"b":{"1":[0,0],"2":[0,0],"3":[0,0],"4":[0,0],"5":[0,0]},"f":{"1":0,"2":0,"3":0,"4":0},"fnMap":{"1":{"name":"emitChangeEvent","line":12,"loc":{"start":{"line":12,"column":21},"end":{"line":12,"column":67}}},"2":{"name":"emitChangeEvent","line":24,"loc":{"start":{"line":24,"column":23},"end":{"line":24,"column":58}}},"3":{"name":"(anonymous_3)","line":32,"loc":{"start":{"line":32,"column":28},"end":{"line":32,"column":56}}},"4":{"name":"(anonymous_4)","line":42,"loc":{"start":{"line":42,"column":17},"end":{"line":42,"column":39}}}},"statementMap":{"1":{"start":{"line":3,"column":0},"end":{"line":3,"column":39}},"2":{"start":{"line":5,"column":0},"end":{"line":65,"column":2}},"3":{"start":{"line":13,"column":8},"end":{"line":18,"column":11}},"4":{"start":{"line":25,"column":8},"end":{"line":25,"column":40}},"5":{"start":{"line":33,"column":8},"end":{"line":33,"column":59}},"6":{"start":{"line":44,"column":8},"end":{"line":46,"column":9}},"7":{"start":{"line":45,"column":12},"end":{"line":45,"column":24}},"8":{"start":{"line":48,"column":8},"end":{"line":50,"column":9}},"9":{"start":{"line":49,"column":12},"end":{"line":49,"column":25}},"10":{"start":{"line":52,"column":8},"end":{"line":52,"column":31}},"11":{"start":{"line":57,"column":8},"end":{"line":61,"column":9}},"12":{"start":{"line":58,"column":12},"end":{"line":60,"column":13}},"13":{"start":{"line":59,"column":16},"end":{"line":59,"column":48}},"14":{"start":{"line":63,"column":8},"end":{"line":63,"column":21}}},"branchMap":{"1":{"line":44,"type":"if","locations":[{"start":{"line":44,"column":8},"end":{"line":44,"column":8}},{"start":{"line":44,"column":8},"end":{"line":44,"column":8}}]},"2":{"line":48,"type":"if","locations":[{"start":{"line":48,"column":8},"end":{"line":48,"column":8}},{"start":{"line":48,"column":8},"end":{"line":48,"column":8}}]},"3":{"line":57,"type":"if","locations":[{"start":{"line":57,"column":8},"end":{"line":57,"column":8}},{"start":{"line":57,"column":8},"end":{"line":57,"column":8}}]},"4":{"line":58,"type":"if","locations":[{"start":{"line":58,"column":12},"end":{"line":58,"column":12}},{"start":{"line":58,"column":12},"end":{"line":58,"column":12}}]},"5":{"line":58,"type":"binary-expr","locations":[{"start":{"line":58,"column":16},"end":{"line":58,"column":40}},{"start":{"line":58,"column":44},"end":{"line":58,"column":72}}]}},"code":["\"use strict\";","","var _ = require(\"../../lodash.custom\");","","module.exports = {","    /**","     * Emit the internal `file:change` event","     * @param {EventEmitter} emitter","     * @param {string} path","     * @param {boolean} [log]","     */","    emitChangeEvent: function emitChangeEvent (emitter, path, log) {","        emitter.emit(\"file:changed\", {","            path:      path,","            log:       log,","            namespace: \"core\",","            event:     \"change\"","        });","    },","    /**","     * Emit the internal `browser:reload` event","     * @param {EventEmitter} emitter","     */","    emitBrowserReload: function emitChangeEvent (emitter) {","        emitter.emit(\"_browser:reload\");","    },","    /**","     * Emit the internal `stream:changed` event","     * @param {EventEmitter} emitter","     * @param {Array} changed","     */","    emitStreamChangedEvent: function (emitter, changed) {","        emitter.emit(\"stream:changed\", {changed: changed});","    },","    /**","     * This code handles the switch between .reload & .stream","     * since 2.6.0","     * @param name","     * @param args","     * @returns {boolean}","     */","    isStreamArg: function (name, args) {","","        if (name === \"stream\") {","            return true;","        }","","        if (name !== \"reload\") {","            return false;","        }","","        var firstArg = args[0];","","        /**","         * If here, it's reload with args","         */","        if (_.isObject(firstArg)) {","            if (!Array.isArray(firstArg) && Object.keys(firstArg).length) {","                return firstArg.stream === true;","            }","        }","","        return false;","    }","};",""],"l":{"3":1,"5":1,"13":0,"25":0,"33":0,"44":0,"45":0,"48":0,"49":0,"52":0,"57":0,"58":0,"59":0,"63":0}},"/home/travis/build/npmtest/node-npmtest-browser-sync/node_modules/browser-sync/lib/args.js":{"path":"/home/travis/build/npmtest/node-npmtest-browser-sync/node_modules/browser-sync/lib/args.js","s":{"1":1,"2":0,"3":0,"4":0,"5":0,"6":0,"7":0,"8":0,"9":0,"10":0,"11":0,"12":0,"13":0,"14":0,"15":0,"16":0,"17":0,"18":0,"19":0,"20":0,"21":0,"22":0,"23":0,"24":0,"25":1,"26":0},"b":{"1":[0,0,0],"2":[0,0],"3":[0,0],"4":[0,0],"5":[0,0],"6":[0,0],"7":[0,0],"8":[0,0],"9":[0,0],"10":[0,0],"11":[0,0],"12":[0,0]},"f":{"1":0,"2":0},"fnMap":{"1":{"name":"(anonymous_1)","line":9,"loc":{"start":{"line":9,"column":17},"end":{"line":9,"column":33}}},"2":{"name":"isFilesArg","line":84,"loc":{"start":{"line":84,"column":0},"end":{"line":84,"column":26}}}},"statementMap":{"1":{"start":{"line":9,"column":0},"end":{"line":77,"column":2}},"2":{"start":{"line":11,"column":4},"end":{"line":11,"column":20}},"3":{"start":{"line":12,"column":4},"end":{"line":12,"column":11}},"4":{"start":{"line":14,"column":4},"end":{"line":71,"column":5}},"5":{"start":{"line":18,"column":12},"end":{"line":30,"column":13}},"6":{"start":{"line":20,"column":16},"end":{"line":20,"column":39}},"7":{"start":{"line":22,"column":19},"end":{"line":30,"column":13}},"8":{"start":{"line":24,"column":16},"end":{"line":24,"column":29}},"9":{"start":{"line":28,"column":16},"end":{"line":28,"column":33}},"10":{"start":{"line":32,"column":12},"end":{"line":32,"column":18}},"11":{"start":{"line":37,"column":12},"end":{"line":58,"column":13}},"12":{"start":{"line":39,"column":16},"end":{"line":39,"column":39}},"13":{"start":{"line":40,"column":16},"end":{"line":40,"column":29}},"14":{"start":{"line":44,"column":16},"end":{"line":56,"column":17}},"15":{"start":{"line":46,"column":20},"end":{"line":46,"column":37}},"16":{"start":{"line":51,"column":20},"end":{"line":51,"column":43}},"17":{"start":{"line":53,"column":20},"end":{"line":55,"column":21}},"18":{"start":{"line":54,"column":24},"end":{"line":54,"column":47}},"19":{"start":{"line":60,"column":12},"end":{"line":60,"column":18}},"20":{"start":{"line":64,"column":12},"end":{"line":64,"column":35}},"21":{"start":{"line":66,"column":12},"end":{"line":68,"column":13}},"22":{"start":{"line":67,"column":16},"end":{"line":67,"column":39}},"23":{"start":{"line":70,"column":12},"end":{"line":70,"column":25}},"24":{"start":{"line":73,"column":4},"end":{"line":76,"column":6}},"25":{"start":{"line":84,"column":0},"end":{"line":86,"column":1}},"26":{"start":{"line":85,"column":4},"end":{"line":85,"column":57}}},"branchMap":{"1":{"line":14,"type":"switch","locations":[{"start":{"line":16,"column":8},"end":{"line":32,"column":18}},{"start":{"line":34,"column":8},"end":{"line":60,"column":18}},{"start":{"line":62,"column":8},"end":{"line":70,"column":25}}]},"2":{"line":18,"type":"if","locations":[{"start":{"line":18,"column":12},"end":{"line":18,"column":12}},{"start":{"line":18,"column":12},"end":{"line":18,"column":12}}]},"3":{"line":22,"type":"if","locations":[{"start":{"line":22,"column":19},"end":{"line":22,"column":19}},{"start":{"line":22,"column":19},"end":{"line":22,"column":19}}]},"4":{"line":37,"type":"if","locations":[{"start":{"line":37,"column":12},"end":{"line":37,"column":12}},{"start":{"line":37,"column":12},"end":{"line":37,"column":12}}]},"5":{"line":39,"type":"binary-expr","locations":[{"start":{"line":39,"column":25},"end":{"line":39,"column":32}},{"start":{"line":39,"column":36},"end":{"line":39,"column":38}}]},"6":{"line":44,"type":"if","locations":[{"start":{"line":44,"column":16},"end":{"line":44,"column":16}},{"start":{"line":44,"column":16},"end":{"line":44,"column":16}}]},"7":{"line":44,"type":"binary-expr","locations":[{"start":{"line":44,"column":20},"end":{"line":44,"column":36}},{"start":{"line":44,"column":40},"end":{"line":44,"column":61}}]},"8":{"line":51,"type":"binary-expr","locations":[{"start":{"line":51,"column":29},"end":{"line":51,"column":36}},{"start":{"line":51,"column":40},"end":{"line":51,"column":42}}]},"9":{"line":53,"type":"if","locations":[{"start":{"line":53,"column":20},"end":{"line":53,"column":20}},{"start":{"line":53,"column":20},"end":{"line":53,"column":20}}]},"10":{"line":64,"type":"binary-expr","locations":[{"start":{"line":64,"column":21},"end":{"line":64,"column":28}},{"start":{"line":64,"column":32},"end":{"line":64,"column":34}}]},"11":{"line":66,"type":"if","locations":[{"start":{"line":66,"column":12},"end":{"line":66,"column":12}},{"start":{"line":66,"column":12},"end":{"line":66,"column":12}}]},"12":{"line":85,"type":"binary-expr","locations":[{"start":{"line":85,"column":11},"end":{"line":85,"column":29}},{"start":{"line":85,"column":33},"end":{"line":85,"column":56}}]}},"code":["\"use strict\";","","/**"," * The purpose of this function is"," * to handle back-backwards compatibility"," * @param {Object} args"," * @returns {{config: {}, cb: *}}"," */","module.exports = function (args) {","","    var config = {};","    var cb;","","    switch (args.length) {","","        case 1 :","","            if (isFilesArg(args[0])) {","","                config.files = args[0];","","            } else if (typeof args[0] === \"function\") {","","                cb = args[0];","","            } else {","","                config = args[0];","","            }","","            break;","","        case 2 :","","            // if second is a function, first MUST be config","            if (typeof args[1] === \"function\") {","","                config = args[0] || {};","                cb = args[1];","","            } else {","","                if (args[1] === null || args[1] === undefined) {","","                    config = args[0];","","                } else {","","                    // finally, second arg could be a plain object for config","                    config = args[1] || {};","","                    if (!config.files) {","                        config.files = args[0];","                    }","                }","","            }","","            break;","","        case 3 :","","            config = args[1] || {};","","            if (!config.files) {","                config.files = args[0];","            }","","            cb = args[2];","    }","","    return {","        config: config,","        cb: cb","    };","};","","/**"," * Files args were only ever strings or arrays"," * @param arg"," * @returns {*|boolean}"," */","function isFilesArg (arg) {","    return Array.isArray(arg) || typeof arg === \"string\";","}",""],"l":{"9":1,"11":0,"12":0,"14":0,"18":0,"20":0,"22":0,"24":0,"28":0,"32":0,"37":0,"39":0,"40":0,"44":0,"46":0,"51":0,"53":0,"54":0,"60":0,"64":0,"66":0,"67":0,"70":0,"73":0,"84":1,"85":0}}}